#
# There is insufficient memory for the Java Runtime Environment to continue.
# Native memory allocation (malloc) failed to allocate 1047216 bytes for Chunk::new
# Possible reasons:
#   The system is out of physical RAM or swap space
#   In 32 bit mode, the process size limit was hit
# Possible solutions:
#   Reduce memory load on the system
#   Increase physical memory or swap space
#   Check if swap backing store is full
#   Use 64 bit Java on a 64 bit OS
#   Decrease Java heap size (-Xmx/-Xms)
#   Decrease number of Java threads
#   Decrease Java thread stack sizes (-Xss)
#   Set larger code cache with -XX:ReservedCodeCacheSize=
# This output file may be truncated or incomplete.
#
#  Out of Memory Error (allocation.cpp:390), pid=3876, tid=0x0000000000002cec
#
# JRE version: OpenJDK Runtime Environment (8.0_152-b02) (build 1.8.0_152-release-1024-b02)
# Java VM: OpenJDK 64-Bit Server VM (25.152-b02 mixed mode windows-amd64 compressed oops)
# Failed to write core dump. Minidumps are not enabled by default on client versions of Windows
#

---------------  T H R E A D  ---------------

Current thread (0x000000001491d800):  JavaThread "C2 CompilerThread0" daemon [_thread_in_native, id=11500, stack(0x0000000015f80000,0x0000000016080000)]

Stack: [0x0000000015f80000,0x0000000016080000]
[error occurred during error reporting (printing stack bounds), id 0xc0000005]

Native frames: (J=compiled Java code, j=interpreted, Vv=VM code, C=native code)


Current CompileTask:
C2:   9363 1237       4       org.objectweb.asm.ClassReader::accept (1273 bytes)


---------------  P R O C E S S  ---------------

Java Threads: ( => current thread )
  0x00000000162a3000 JavaThread "Service Thread" daemon [_thread_blocked, id=3484, stack(0x0000000016680000,0x0000000016780000)]
  0x000000001497b000 JavaThread "C1 CompilerThread2" daemon [_thread_blocked, id=11824, stack(0x0000000016180000,0x0000000016280000)]
  0x0000000014921000 JavaThread "C2 CompilerThread1" daemon [_thread_blocked, id=8748, stack(0x0000000016080000,0x0000000016180000)]
=>0x000000001491d800 JavaThread "C2 CompilerThread0" daemon [_thread_in_native, id=11500, stack(0x0000000015f80000,0x0000000016080000)]
  0x000000001491b800 JavaThread "Attach Listener" daemon [_thread_blocked, id=10552, stack(0x0000000015e80000,0x0000000015f80000)]
  0x000000001492a800 JavaThread "Signal Dispatcher" daemon [_thread_blocked, id=12136, stack(0x0000000015d80000,0x0000000015e80000)]
  0x000000001490e800 JavaThread "Finalizer" daemon [_thread_blocked, id=6652, stack(0x0000000015b80000,0x0000000015c80000)]
  0x00000000045b5000 JavaThread "Reference Handler" daemon [_thread_blocked, id=9176, stack(0x0000000015a80000,0x0000000015b80000)]
  0x00000000044c5000 JavaThread "main" [_thread_in_native, id=8900, stack(0x00000000042d0000,0x00000000043d0000)]

Other Threads:
  0x00000000148e7000 VMThread [stack: 0x0000000015980000,0x0000000015a80000] [id=11788]
  0x00000000162a4000 WatcherThread [stack: 0x0000000016780000,0x0000000016880000] [id=1100]

VM state:not at safepoint (normal execution)

VM Mutex/Monitor currently owned by a thread: None

Heap:
 PSYoungGen      total 18944K, used 18037K [0x00000000feb00000, 0x0000000100000000, 0x0000000100000000)
  eden space 16384K, 94% used [0x00000000feb00000,0x00000000ffa1e300,0x00000000ffb00000)
  from space 2560K, 99% used [0x00000000ffb00000,0x00000000ffd7f418,0x00000000ffd80000)
  to   space 2560K, 0% used [0x00000000ffd80000,0x00000000ffd80000,0x0000000100000000)
 ParOldGen       total 44032K, used 5531K [0x00000000fc000000, 0x00000000feb00000, 0x00000000feb00000)
  object space 44032K, 12% used [0x00000000fc000000,0x00000000fc566cd8,0x00000000feb00000)
 Metaspace       used 8058K, capacity 8292K, committed 8448K, reserved 1056768K
  class space    used 905K, capacity 1002K, committed 1024K, reserved 1048576K

Card table byte_map: [0x00000000029e0000,0x0000000002a10000] byte_map_base: 0x0000000002200000

Marking Bits: (ParMarkBitMap*) 0x0000000066d74970
 Begin Bits: [0x0000000013d80000, 0x0000000013e80000)
 End Bits:   [0x0000000013e80000, 0x0000000013f80000)

Polling page: 0x0000000002980000

CodeCache: size=245760Kb used=4742Kb max_used=4784Kb free=241017Kb
 bounds [0x00000000045c0000, 0x0000000004a80000, 0x00000000135c0000]
 total_blobs=1567 nmethods=1235 adapters=246
 compilation: enabled

Compilation events (10 events):
Event: 9.081 Thread 0x000000001491d800 1234       4       org.objectweb.asm.ClassVisitor::visitInnerClass (20 bytes)
Event: 9.082 Thread 0x000000001491d800 nmethod 1234 0x0000000004a34410 code [0x0000000004a34540, 0x0000000004a345d8]
Event: 9.082 Thread 0x000000001491d800 1186       4       org.objectweb.asm.MethodWriter::visitFieldInsn (256 bytes)
Event: 9.087 Thread 0x000000001491d800 nmethod 1186 0x0000000004a43710 code [0x0000000004a43880, 0x0000000004a43c78]
Event: 9.087 Thread 0x000000001491d800 1187       4       org.objectweb.asm.ClassReader::readConst (259 bytes)
Event: 9.147 Thread 0x000000001491d800 nmethod 1187 0x0000000004a49bd0 code [0x0000000004a49ee0, 0x0000000004a4b6a0]
Event: 9.147 Thread 0x000000001491d800 1237       4       org.objectweb.asm.ClassReader::accept (1273 bytes)
Event: 9.291 Thread 0x0000000014921000 nmethod 1033 0x0000000004a58490 code [0x0000000004a590a0, 0x0000000004a63650]
Event: 9.292 Thread 0x0000000014921000 1217       4       org.objectweb.asm.ClassWriter::newNameTypeItem (71 bytes)
Event: 9.311 Thread 0x0000000014921000 nmethod 1217 0x0000000004a44cd0 code [0x0000000004a44ec0, 0x0000000004a457f0]

GC Heap History (6 events):
Event: 2.683 GC heap before
{Heap before GC invocations=1 (full 0):
 PSYoungGen      total 18944K, used 16384K [0x00000000feb00000, 0x0000000100000000, 0x0000000100000000)
  eden space 16384K, 100% used [0x00000000feb00000,0x00000000ffb00000,0x00000000ffb00000)
  from space 2560K, 0% used [0x00000000ffd80000,0x00000000ffd80000,0x0000000100000000)
  to   space 2560K, 0% used [0x00000000ffb00000,0x00000000ffb00000,0x00000000ffd80000)
 ParOldGen       total 44032K, used 0K [0x00000000fc000000, 0x00000000feb00000, 0x00000000feb00000)
  object space 44032K, 0% used [0x00000000fc000000,0x00000000fc000000,0x00000000feb00000)
 Metaspace       used 6683K, capacity 6874K, committed 7040K, reserved 1056768K
  class space    used 791K, capacity 871K, committed 896K, reserved 1048576K
Event: 2.703 GC heap after
Heap after GC invocations=1 (full 0):
 PSYoungGen      total 18944K, used 2528K [0x00000000feb00000, 0x0000000100000000, 0x0000000100000000)
  eden space 16384K, 0% used [0x00000000feb00000,0x00000000feb00000,0x00000000ffb00000)
  from space 2560K, 98% used [0x00000000ffb00000,0x00000000ffd78030,0x00000000ffd80000)
  to   space 2560K, 0% used [0x00000000ffd80000,0x00000000ffd80000,0x0000000100000000)
 ParOldGen       total 44032K, used 1501K [0x00000000fc000000, 0x00000000feb00000, 0x00000000feb00000)
  object space 44032K, 3% used [0x00000000fc000000,0x00000000fc177690,0x00000000feb00000)
 Metaspace       used 6683K, capacity 6874K, committed 7040K, reserved 1056768K
  class space    used 791K, capacity 871K, committed 896K, reserved 1048576K
}
Event: 3.951 GC heap before
{Heap before GC invocations=2 (full 0):
 PSYoungGen      total 18944K, used 18912K [0x00000000feb00000, 0x0000000100000000, 0x0000000100000000)
  eden space 16384K, 100% used [0x00000000feb00000,0x00000000ffb00000,0x00000000ffb00000)
  from space 2560K, 98% used [0x00000000ffb00000,0x00000000ffd78030,0x00000000ffd80000)
  to   space 2560K, 0% used [0x00000000ffd80000,0x00000000ffd80000,0x0000000100000000)
 ParOldGen       total 44032K, used 1501K [0x00000000fc000000, 0x00000000feb00000, 0x00000000feb00000)
  object space 44032K, 3% used [0x00000000fc000000,0x00000000fc177690,0x00000000feb00000)
 Metaspace       used 7843K, capacity 8100K, committed 8192K, reserved 1056768K
  class space    used 902K, capacity 1002K, committed 1024K, reserved 1048576K
Event: 4.023 GC heap after
Heap after GC invocations=2 (full 0):
 PSYoungGen      total 18944K, used 2538K [0x00000000feb00000, 0x0000000100000000, 0x0000000100000000)
  eden space 16384K, 0% used [0x00000000feb00000,0x00000000feb00000,0x00000000ffb00000)
  from space 2560K, 99% used [0x00000000ffd80000,0x00000000ffffa840,0x0000000100000000)
  to   space 2560K, 0% used [0x00000000ffb00000,0x00000000ffb00000,0x00000000ffd80000)
 ParOldGen       total 44032K, used 5435K [0x00000000fc000000, 0x00000000feb00000, 0x00000000feb00000)
  object space 44032K, 12% used [0x00000000fc000000,0x00000000fc54ecd8,0x00000000feb00000)
 Metaspace       used 7843K, capacity 8100K, committed 8192K, reserved 1056768K
  class space    used 902K, capacity 1002K, committed 1024K, reserved 1048576K
}
Event: 8.317 GC heap before
{Heap before GC invocations=3 (full 0):
 PSYoungGen      total 18944K, used 18922K [0x00000000feb00000, 0x0000000100000000, 0x0000000100000000)
  eden space 16384K, 100% used [0x00000000feb00000,0x00000000ffb00000,0x00000000ffb00000)
  from space 2560K, 99% used [0x00000000ffd80000,0x00000000ffffa840,0x0000000100000000)
  to   space 2560K, 0% used [0x00000000ffb00000,0x00000000ffb00000,0x00000000ffd80000)
 ParOldGen       total 44032K, used 5435K [0x00000000fc000000, 0x00000000feb00000, 0x00000000feb00000)
  object space 44032K, 12% used [0x00000000fc000000,0x00000000fc54ecd8,0x00000000feb00000)
 Metaspace       used 8014K, capacity 8292K, committed 8448K, reserved 1056768K
  class space    used 905K, capacity 1002K, committed 1024K, reserved 1048576K
Event: 8.402 GC heap after
Heap after GC invocations=3 (full 0):
 PSYoungGen      total 18944K, used 2557K [0x00000000feb00000, 0x0000000100000000, 0x0000000100000000)
  eden space 16384K, 0% used [0x00000000feb00000,0x00000000feb00000,0x00000000ffb00000)
  from space 2560K, 99% used [0x00000000ffb00000,0x00000000ffd7f418,0x00000000ffd80000)
  to   space 2560K, 0% used [0x00000000ffd80000,0x00000000ffd80000,0x0000000100000000)
 ParOldGen       total 44032K, used 5531K [0x00000000fc000000, 0x00000000feb00000, 0x00000000feb00000)
  object space 44032K, 12% used [0x00000000fc000000,0x00000000fc566cd8,0x00000000feb00000)
 Metaspace       used 8014K, capacity 8292K, committed 8448K, reserved 1056768K
  class space    used 905K, capacity 1002K, committed 1024K, reserved 1048576K
}

Deoptimization events (10 events):
Event: 3.358 Thread 0x00000000044c5000 Uncommon trap: reason=class_check action=maybe_recompile pc=0x00000000047ff6ac method=com.google.common.collect.TransformedIterator.next()Ljava/lang/Object; @ 5
Event: 3.358 Thread 0x00000000044c5000 Uncommon trap: reason=class_check action=maybe_recompile pc=0x00000000047ed210 method=com.google.common.collect.Iterators$7.transform(Ljava/lang/Object;)Ljava/lang/Object; @ 5
Event: 4.716 Thread 0x00000000044c5000 Uncommon trap: reason=unstable_if action=reinterpret pc=0x00000000048c6488 method=java.lang.String.<init>([CII)V @ 18
Event: 5.110 Thread 0x00000000044c5000 Uncommon trap: reason=unstable_if action=reinterpret pc=0x000000000494ba60 method=org.objectweb.asm.ClassReader.readUTF(II[C)Ljava/lang/String; @ 77
Event: 5.119 Thread 0x00000000044c5000 Uncommon trap: reason=unstable_if action=reinterpret pc=0x000000000490e89c method=org.objectweb.asm.ByteVector.putUTF8(Ljava/lang/String;)Lorg/objectweb/asm/ByteVector; @ 98
Event: 5.838 Thread 0x00000000044c5000 Uncommon trap: reason=unstable_if action=reinterpret pc=0x000000000495b56c method=org.objectweb.asm.ByteVector.putInt(I)Lorg/objectweb/asm/ByteVector; @ 13
Event: 8.000 Thread 0x00000000044c5000 Uncommon trap: reason=unstable_if action=reinterpret pc=0x0000000004921220 method=org.objectweb.asm.Type.getArgumentsAndReturnSizes(Ljava/lang/String;)I @ 118
Event: 8.146 Thread 0x00000000044c5000 Uncommon trap: reason=null_check action=make_not_entrant pc=0x00000000049b90f8 method=com.google.devtools.build.android.desugar.InterfaceDesugaring$InterfaceInvocationRewriter.visitMethodInsn(ILjava/lang/String;Ljava/lang/String;Ljava/lang/String;Z)V @ 10
Event: 8.284 Thread 0x00000000044c5000 Uncommon trap: reason=unstable_if action=reinterpret pc=0x00000000049aee00 method=org.objectweb.asm.Type.getArgumentsAndReturnSizes(Ljava/lang/String;)I @ 100
Event: 8.840 Thread 0x00000000044c5000 Uncommon trap: reason=unstable_if action=reinterpret pc=0x00000000049ee214 method=org.objectweb.asm.ClassReader.readMethod(Lorg/objectweb/asm/ClassVisitor;Lorg/objectweb/asm/Context;I)I @ 238

Classes redefined (0 events):
No events

Internal exceptions (10 events):
Event: 6.275 Thread 0x00000000044c5000 Exception <a 'sun/nio/fs/WindowsException'> (0x00000000fef81ae0) thrown at [D:\src\AOSP-openjdk-cygwin\jdk8u\hotspot\src\share\vm\prims\jni.cpp, line 709]
Event: 6.319 Thread 0x00000000044c5000 Exception <a 'sun/nio/fs/WindowsException'> (0x00000000fef85000) thrown at [D:\src\AOSP-openjdk-cygwin\jdk8u\hotspot\src\share\vm\prims\jni.cpp, line 709]
Event: 6.319 Thread 0x00000000044c5000 Exception <a 'sun/nio/fs/WindowsException'> (0x00000000fef85510) thrown at [D:\src\AOSP-openjdk-cygwin\jdk8u\hotspot\src\share\vm\prims\jni.cpp, line 709]
Event: 7.974 Thread 0x00000000044c5000 Exception <a 'sun/nio/fs/WindowsException'> (0x00000000ff02b6f0) thrown at [D:\src\AOSP-openjdk-cygwin\jdk8u\hotspot\src\share\vm\prims\jni.cpp, line 709]
Event: 7.974 Thread 0x00000000044c5000 Exception <a 'sun/nio/fs/WindowsException'> (0x00000000ff02bc00) thrown at [D:\src\AOSP-openjdk-cygwin\jdk8u\hotspot\src\share\vm\prims\jni.cpp, line 709]
Event: 8.146 Thread 0x00000000044c5000 Implicit null exception at 0x00000000049b8809 to 0x00000000049b90e1
Event: 8.608 Thread 0x00000000044c5000 Exception <a 'sun/nio/fs/WindowsException'> (0x00000000fee45a58) thrown at [D:\src\AOSP-openjdk-cygwin\jdk8u\hotspot\src\share\vm\prims\jni.cpp, line 709]
Event: 8.609 Thread 0x00000000044c5000 Exception <a 'sun/nio/fs/WindowsException'> (0x00000000fee45f68) thrown at [D:\src\AOSP-openjdk-cygwin\jdk8u\hotspot\src\share\vm\prims\jni.cpp, line 709]
Event: 9.247 Thread 0x00000000044c5000 Exception <a 'sun/nio/fs/WindowsException'> (0x00000000ff9f1448) thrown at [D:\src\AOSP-openjdk-cygwin\jdk8u\hotspot\src\share\vm\prims\jni.cpp, line 709]
Event: 9.299 Thread 0x00000000044c5000 Exception <a 'sun/nio/fs/WindowsException'> (0x00000000ff9f1958) thrown at [D:\src\AOSP-openjdk-cygwin\jdk8u\hotspot\src\share\vm\prims\jni.cpp, line 709]

Events (10 events):
Event: 8.922 Thread 0x00000000044c5000 DEOPT PACKING pc=0x0000000004894cf0 sp=0x00000000043ce420
Event: 8.959 Thread 0x00000000044c5000 DEOPT UNPACKING pc=0x00000000046075d0 sp=0x00000000043ce3e8 mode 0
Event: 8.965 Thread 0x00000000044c5000 DEOPT PACKING pc=0x0000000004894cf0 sp=0x00000000043ce590
Event: 8.965 Thread 0x00000000044c5000 DEOPT UNPACKING pc=0x00000000046075d0 sp=0x00000000043ce558 mode 0
Event: 9.094 Thread 0x00000000044c5000 DEOPT PACKING pc=0x0000000004894cf0 sp=0x00000000043ce420
Event: 9.094 Thread 0x00000000044c5000 DEOPT UNPACKING pc=0x00000000046075d0 sp=0x00000000043ce3e8 mode 0
Event: 9.095 Thread 0x00000000044c5000 DEOPT PACKING pc=0x0000000004894cf0 sp=0x00000000043ce420
Event: 9.095 Thread 0x00000000044c5000 DEOPT UNPACKING pc=0x00000000046075d0 sp=0x00000000043ce3e8 mode 0
Event: 9.098 Thread 0x00000000044c5000 DEOPT PACKING pc=0x0000000004894cf0 sp=0x00000000043ce590
Event: 9.098 Thread 0x00000000044c5000 DEOPT UNPACKING pc=0x00000000046075d0 sp=0x00000000043ce558 mode 0


Dynamic libraries:
0x00007ff66ebe0000 - 0x00007ff66ec11000 	C:\Program Files\Android\Android Studio\jre\bin\java.exe
0x00007ffc57ab0000 - 0x00007ffc57c90000 	C:\WINDOWS\SYSTEM32\ntdll.dll
0x00007ffc57720000 - 0x00007ffc577ce000 	C:\WINDOWS\System32\KERNEL32.DLL
0x00007ffc54120000 - 0x00007ffc54386000 	C:\WINDOWS\System32\KERNELBASE.dll
0x00007ffc56ce0000 - 0x00007ffc56d81000 	C:\WINDOWS\System32\ADVAPI32.dll
0x00007ffc577d0000 - 0x00007ffc5786d000 	C:\WINDOWS\System32\msvcrt.dll
0x00007ffc55510000 - 0x00007ffc5556b000 	C:\WINDOWS\System32\sechost.dll
0x00007ffc57010000 - 0x00007ffc5712f000 	C:\WINDOWS\System32\RPCRT4.dll
0x00007ffc54fe0000 - 0x00007ffc5516f000 	C:\WINDOWS\System32\USER32.dll
0x00007ffc54f60000 - 0x00007ffc54f80000 	C:\WINDOWS\System32\win32u.dll
0x00007ffc54fb0000 - 0x00007ffc54fd8000 	C:\WINDOWS\System32\GDI32.dll
0x00007ffc54ae0000 - 0x00007ffc54c73000 	C:\WINDOWS\System32\gdi32full.dll
0x00007ffc53fb0000 - 0x00007ffc5404b000 	C:\WINDOWS\System32\msvcp_win.dll
0x00007ffc53eb0000 - 0x00007ffc53fa6000 	C:\WINDOWS\System32\ucrtbase.dll
0x00007ffc42ec0000 - 0x00007ffc43129000 	C:\WINDOWS\WinSxS\amd64_microsoft.windows.common-controls_6595b64144ccf1df_6.0.16299.431_none_15c7d3ee93659e73\COMCTL32.dll
0x00007ffc55200000 - 0x00007ffc55508000 	C:\WINDOWS\System32\combase.dll
0x00007ffc54050000 - 0x00007ffc540c2000 	C:\WINDOWS\System32\bcryptPrimitives.dll
0x00007ffc54f80000 - 0x00007ffc54fad000 	C:\WINDOWS\System32\IMM32.DLL
0x00000000663f0000 - 0x00000000664c2000 	C:\Program Files\Android\Android Studio\jre\jre\bin\msvcr100.dll
0x00000000665b0000 - 0x0000000066def000 	C:\Program Files\Android\Android Studio\jre\jre\bin\server\jvm.dll
0x00007ffc55620000 - 0x00007ffc55628000 	C:\WINDOWS\System32\PSAPI.DLL
0x00007ffc4c7e0000 - 0x00007ffc4c7e9000 	C:\WINDOWS\SYSTEM32\WSOCK32.dll
0x00007ffc56fa0000 - 0x00007ffc5700c000 	C:\WINDOWS\System32\WS2_32.dll
0x00007ffc521c0000 - 0x00007ffc521e3000 	C:\WINDOWS\SYSTEM32\WINMM.dll
0x00007ffc46120000 - 0x00007ffc4612a000 	C:\WINDOWS\SYSTEM32\VERSION.dll
0x00007ffc52160000 - 0x00007ffc5218a000 	C:\WINDOWS\SYSTEM32\WINMMBASE.dll
0x00007ffc540d0000 - 0x00007ffc5411a000 	C:\WINDOWS\System32\cfgmgr32.dll
0x00007ffc52310000 - 0x00007ffc5231f000 	C:\Program Files\Android\Android Studio\jre\jre\bin\verify.dll
0x00007ffc4a2f0000 - 0x00007ffc4a319000 	C:\Program Files\Android\Android Studio\jre\jre\bin\java.dll
0x00007ffc50ad0000 - 0x00007ffc50ae6000 	C:\Program Files\Android\Android Studio\jre\jre\bin\zip.dll
0x00007ffc55630000 - 0x00007ffc56a68000 	C:\WINDOWS\System32\SHELL32.dll
0x00007ffc55570000 - 0x00007ffc55616000 	C:\WINDOWS\System32\shcore.dll
0x00007ffc54390000 - 0x00007ffc54ad7000 	C:\WINDOWS\System32\windows.storage.dll
0x00007ffc57a20000 - 0x00007ffc57a71000 	C:\WINDOWS\System32\shlwapi.dll
0x00007ffc53e90000 - 0x00007ffc53ea1000 	C:\WINDOWS\System32\kernel.appcore.dll
0x00007ffc53e20000 - 0x00007ffc53e6c000 	C:\WINDOWS\System32\powrprof.dll
0x00007ffc53e00000 - 0x00007ffc53e1b000 	C:\WINDOWS\System32\profapi.dll
0x00007ffc53800000 - 0x00007ffc53817000 	C:\WINDOWS\SYSTEM32\CRYPTSP.dll
0x00007ffc53230000 - 0x00007ffc53263000 	C:\WINDOWS\system32\rsaenh.dll
0x00007ffc53900000 - 0x00007ffc53925000 	C:\WINDOWS\SYSTEM32\bcrypt.dll
0x00007ffc53d30000 - 0x00007ffc53d59000 	C:\WINDOWS\SYSTEM32\USERENV.dll
0x00007ffc537f0000 - 0x00007ffc537fb000 	C:\WINDOWS\SYSTEM32\CRYPTBASE.dll
0x00007ffc4ffb0000 - 0x00007ffc4ffca000 	C:\Program Files\Android\Android Studio\jre\jre\bin\net.dll
0x00007ffc53630000 - 0x00007ffc53696000 	C:\WINDOWS\system32\mswsock.dll
0x00007ffc533c0000 - 0x00007ffc533f9000 	C:\WINDOWS\SYSTEM32\IPHLPAPI.DLL
0x00007ffc55170000 - 0x00007ffc55178000 	C:\WINDOWS\System32\NSI.dll
0x00007ffc4cff0000 - 0x00007ffc4d006000 	C:\WINDOWS\SYSTEM32\dhcpcsvc6.DLL
0x00007ffc4d6a0000 - 0x00007ffc4d6ba000 	C:\WINDOWS\SYSTEM32\dhcpcsvc.DLL
0x00007ffc4a2d0000 - 0x00007ffc4a2e1000 	C:\Program Files\Android\Android Studio\jre\jre\bin\nio.dll

VM Arguments:
jvm_args: -Djava.awt.headless=true -Xmx64M -Dfile.encoding=windows-1251 -Duser.country=RU -Duser.language=ru -Duser.variant 
java_command: com.google.devtools.build.android.desugar.Desugar --input D:\AndroidStudio\H&H lessons\lesson7\app\build\intermediates\transforms\stackFramesFixer\debug\14.jar --output D:\AndroidStudio\H&H lessons\lesson7\app\build\intermediates\transforms\desugar\debug\15.jar --input D:\AndroidStudio\H&H lessons\lesson7\app\build\intermediates\transforms\stackFramesFixer\debug\32.jar --output D:\AndroidStudio\H&H lessons\lesson7\app\build\intermediates\transforms\desugar\debug\33.jar --input D:\AndroidStudio\H&H lessons\lesson7\app\build\intermediates\transforms\stackFramesFixer\debug\26.jar --output D:\AndroidStudio\H&H lessons\lesson7\app\build\intermediates\transforms\desugar\debug\27.jar --input D:\AndroidStudio\H&H lessons\lesson7\app\build\intermediates\transforms\stackFramesFixer\debug\10.jar --output D:\AndroidStudio\H&H lessons\lesson7\app\build\intermediates\transforms\desugar\debug\11.jar --input D:\AndroidStudio\H&H lessons\lesson7\app\build\intermediates\transforms\stackFramesFixer\debug\20.jar --output D:\AndroidStudio\H&H lessons\lesson7\app\build\intermediates\transforms\desugar\debug\21.jar --input D:\AndroidStudio\H&H lessons\lesson7\app\build\intermediates\transforms\stackFramesFixer\debug\23.jar --output D:\AndroidStudio\H&H lessons\lesson7\app\build\intermediates\transforms\desugar\debug\24.jar --input D:\AndroidStudio\H&H lessons\lesson7\app\build\intermediates\transforms\stackFramesFixer\debug\0.jar --output D:\AndroidStudio\H&H lessons\lesson7\app\build\intermediates\transforms\desugar\debug\1.jar --input D:\AndroidStudio\H&H lessons\lesson7\app\build\intermediates\transforms\stackFramesFixer\debug\2.jar --output D:\AndroidStudio\H&H lessons\lesson7\app\build\intermediates\transforms\desugar\debug\3.jar --input D:\AndroidStudio\H&H lessons\lesson7\app\build\intermediates\transforms\stackFramesFixer\debug\17.jar --output D:\AndroidStudio\H&H lessons\lesson7\app\build\intermediates\transforms\desugar\debug\18.jar --input D:\AndroidStudio\H&H l
java_class_path (initial): C:\Users\metuc\AppData\Local\Temp\desugar_deploy.jar3243822354496726275
Launcher Type: SUN_STANDARD

Environment Variables:
PATH=C:\ProgramData\Oracle\Java\javapath;C:\Program Files (x86)\Common Files\Oracle\Java\javapath;C:\Program Files\Java\jre1.8.0_161\bin;C:\Program Files\Microsoft HPC Pack 2008 SDK\Bin\;C:\Windows\system32;C:\Windows;C:\Windows\System32\Wbem;C:\Windows\System32\WindowsPowerShell\v1.0\;C:\Program Files (x86)\NVIDIA Corporation\PhysX\Common;C:\WINDOWS\system32;C:\WINDOWS;C:\WINDOWS\System32\Wbem;C:\WINDOWS\System32\WindowsPowerShell\v1.0\;C:\Program Files (x86)\Microsoft SQL Server\100\Tools\Binn\;C:\Program Files\Microsoft SQL Server\100\Tools\Binn\;C:\Program Files\Microsoft SQL Server\100\DTS\Binn\;D:\программы\скайп\Phone\;C:\Program Files\Common Files\Autodesk Shared\;C:\Program Files (x86)\Autodesk\Backburner\;D:\программы\Git\cmd;C:\Users\metuc\AppData\Local\Microsoft\WindowsApps;
USERNAME=Александр
OS=Windows_NT
PROCESSOR_IDENTIFIER=Intel64 Family 6 Model 58 Stepping 9, GenuineIntel



---------------  S Y S T E M  ---------------

OS: Windows 10.0 , 64 bit Build 16299 (10.0.16299.431)

CPU:total 4 (initial active 4) (2 cores per cpu, 2 threads per core) family 6 model 58 stepping 9, cmov, cx8, fxsr, mmx, sse, sse2, sse3, ssse3, sse4.1, sse4.2, popcnt, avx, aes, clmul, erms, ht, tsc, tscinvbit, tscinv

Memory: 4k page, physical 8283516k(1122432k free), swap 12966700k(5772k free)

vm_info: OpenJDK 64-Bit Server VM (25.152-b02) for windows-amd64 JRE (1.8.0_152-release-1024-b02), built by "builder" with MS VC++ 10.0 (VS2010)

time: Mon Jul 16 13:05:01 2018
elapsed time: 9 seconds (0d 0h 0m 9s)

