#
# There is insufficient memory for the Java Runtime Environment to continue.
# Native memory allocation (malloc) failed to allocate 1048576 bytes for AllocateHeap
# Possible reasons:
#   The system is out of physical RAM or swap space
#   In 32 bit mode, the process size limit was hit
# Possible solutions:
#   Reduce memory load on the system
#   Increase physical memory or swap space
#   Check if swap backing store is full
#   Use 64 bit Java on a 64 bit OS
#   Decrease Java heap size (-Xmx/-Xms)
#   Decrease number of Java threads
#   Decrease Java thread stack sizes (-Xss)
#   Set larger code cache with -XX:ReservedCodeCacheSize=
# This output file may be truncated or incomplete.
#
#  Out of Memory Error (memory/allocation.inline.hpp:61), pid=9800, tid=0x00000000000024a0
#
# JRE version:  (8.0_152-b02) (build )
# Java VM: OpenJDK 64-Bit Server VM (25.152-b02 mixed mode windows-amd64 compressed oops)
# Failed to write core dump. Minidumps are not enabled by default on client versions of Windows
#

---------------  T H R E A D  ---------------

Current thread (0x0000000004c75000):  JavaThread "Unknown thread" [_thread_in_vm, id=9376, stack(0x0000000004ae0000,0x0000000004be0000)]

Stack: [0x0000000004ae0000,0x0000000004be0000]
[error occurred during error reporting (printing stack bounds), id 0xc0000005]

Native frames: (J=compiled Java code, j=interpreted, Vv=VM code, C=native code)


---------------  P R O C E S S  ---------------

Java Threads: ( => current thread )

Other Threads:

=>0x0000000004c75000 (exited) JavaThread "Unknown thread" [_thread_in_vm, id=9376, stack(0x0000000004ae0000,0x0000000004be0000)]

VM state:not at safepoint (normal execution)

VM Mutex/Monitor currently owned by a thread: None

Heap:
 PSYoungGen      total 18944K, used 327K [0x00000000feb00000, 0x0000000100000000, 0x0000000100000000)
  eden space 16384K, 2% used [0x00000000feb00000,0x00000000feb51ec8,0x00000000ffb00000)
  from space 2560K, 0% used [0x00000000ffd80000,0x00000000ffd80000,0x0000000100000000)
  to   space 2560K, 0% used [0x00000000ffb00000,0x00000000ffb00000,0x00000000ffd80000)
 ParOldGen       total 44032K, used 0K [0x00000000fc000000, 0x00000000feb00000, 0x00000000feb00000)
  object space 44032K, 0% used [0x00000000fc000000,0x00000000fc000000,0x00000000feb00000)
 Metaspace       used 772K, capacity 4480K, committed 4480K, reserved 1056768K
  class space    used 73K, capacity 384K, committed 384K, reserved 1048576K

Card table byte_map: [0x0000000002d90000,0x0000000002dc0000] byte_map_base: 0x00000000025b0000

Marking Bits: (ParMarkBitMap*) 0x0000000066d74970
 Begin Bits: [0x0000000014530000, 0x0000000014630000)
 End Bits:   [0x0000000014630000, 0x0000000014730000)

Polling page: 0x0000000002d60000

CodeCache: size=245760Kb used=328Kb max_used=328Kb free=245431Kb
 bounds [0x0000000004d70000, 0x0000000004fe0000, 0x0000000013d70000]
 total_blobs=57 nmethods=0 adapters=38
 compilation: enabled

Compilation events (0 events):
No events

GC Heap History (0 events):
No events

Deoptimization events (0 events):
No events

Classes redefined (0 events):
No events

Internal exceptions (0 events):
No events

Events (10 events):
Event: 0.032 loading class java/lang/Short
Event: 0.032 loading class java/lang/Short done
Event: 0.032 loading class java/lang/Integer
Event: 0.033 loading class java/lang/Integer done
Event: 0.033 loading class java/lang/Long
Event: 0.033 loading class java/lang/Long done
Event: 0.034 loading class java/lang/NullPointerException
Event: 0.035 loading class java/lang/NullPointerException done
Event: 0.035 loading class java/lang/ArithmeticException
Event: 0.035 loading class java/lang/ArithmeticException done


Dynamic libraries:
0x00007ff66ebe0000 - 0x00007ff66ec11000 	C:\Program Files\Android\Android Studio\jre\bin\java.exe
0x00007ffc57ab0000 - 0x00007ffc57c90000 	C:\WINDOWS\SYSTEM32\ntdll.dll
0x00007ffc57720000 - 0x00007ffc577ce000 	C:\WINDOWS\System32\KERNEL32.DLL
0x00007ffc54120000 - 0x00007ffc54386000 	C:\WINDOWS\System32\KERNELBASE.dll
0x00007ffc56ce0000 - 0x00007ffc56d81000 	C:\WINDOWS\System32\ADVAPI32.dll
0x00007ffc577d0000 - 0x00007ffc5786d000 	C:\WINDOWS\System32\msvcrt.dll
0x00007ffc55510000 - 0x00007ffc5556b000 	C:\WINDOWS\System32\sechost.dll
0x00007ffc57010000 - 0x00007ffc5712f000 	C:\WINDOWS\System32\RPCRT4.dll
0x00007ffc54fe0000 - 0x00007ffc5516f000 	C:\WINDOWS\System32\USER32.dll
0x00007ffc54f60000 - 0x00007ffc54f80000 	C:\WINDOWS\System32\win32u.dll
0x00007ffc54fb0000 - 0x00007ffc54fd8000 	C:\WINDOWS\System32\GDI32.dll
0x00007ffc54ae0000 - 0x00007ffc54c73000 	C:\WINDOWS\System32\gdi32full.dll
0x00007ffc53fb0000 - 0x00007ffc5404b000 	C:\WINDOWS\System32\msvcp_win.dll
0x00007ffc53eb0000 - 0x00007ffc53fa6000 	C:\WINDOWS\System32\ucrtbase.dll
0x00007ffc42ec0000 - 0x00007ffc43129000 	C:\WINDOWS\WinSxS\amd64_microsoft.windows.common-controls_6595b64144ccf1df_6.0.16299.431_none_15c7d3ee93659e73\COMCTL32.dll
0x00007ffc55200000 - 0x00007ffc55508000 	C:\WINDOWS\System32\combase.dll
0x00007ffc54050000 - 0x00007ffc540c2000 	C:\WINDOWS\System32\bcryptPrimitives.dll
0x00007ffc54f80000 - 0x00007ffc54fad000 	C:\WINDOWS\System32\IMM32.DLL
0x00000000663f0000 - 0x00000000664c2000 	C:\Program Files\Android\Android Studio\jre\jre\bin\msvcr100.dll
0x00000000665b0000 - 0x0000000066def000 	C:\Program Files\Android\Android Studio\jre\jre\bin\server\jvm.dll
0x00007ffc55620000 - 0x00007ffc55628000 	C:\WINDOWS\System32\PSAPI.DLL
0x00007ffc4c7e0000 - 0x00007ffc4c7e9000 	C:\WINDOWS\SYSTEM32\WSOCK32.dll
0x00007ffc521c0000 - 0x00007ffc521e3000 	C:\WINDOWS\SYSTEM32\WINMM.dll
0x00007ffc56fa0000 - 0x00007ffc5700c000 	C:\WINDOWS\System32\WS2_32.dll
0x00007ffc46120000 - 0x00007ffc4612a000 	C:\WINDOWS\SYSTEM32\VERSION.dll
0x00007ffc52160000 - 0x00007ffc5218a000 	C:\WINDOWS\SYSTEM32\WINMMBASE.dll
0x00007ffc540d0000 - 0x00007ffc5411a000 	C:\WINDOWS\System32\cfgmgr32.dll
0x00007ffc52310000 - 0x00007ffc5231f000 	C:\Program Files\Android\Android Studio\jre\jre\bin\verify.dll
0x00007ffc4a2f0000 - 0x00007ffc4a319000 	C:\Program Files\Android\Android Studio\jre\jre\bin\java.dll
0x00007ffc50ad0000 - 0x00007ffc50ae6000 	C:\Program Files\Android\Android Studio\jre\jre\bin\zip.dll

VM Arguments:
jvm_args: -Djava.awt.headless=true -Xmx64M -Dfile.encoding=windows-1251 -Duser.country=RU -Duser.language=ru -Duser.variant 
java_command: com.google.devtools.build.android.desugar.Desugar --input D:\AndroidStudio\H&H lessons\lesson7\app\build\intermediates\transforms\stackFramesFixer\debug\5.jar --output D:\AndroidStudio\H&H lessons\lesson7\app\build\intermediates\transforms\desugar\debug\6.jar --input D:\AndroidStudio\H&H lessons\lesson7\app\build\intermediates\transforms\stackFramesFixer\debug\26.jar --output D:\AndroidStudio\H&H lessons\lesson7\app\build\intermediates\transforms\desugar\debug\27.jar --input D:\AndroidStudio\H&H lessons\lesson7\app\build\intermediates\transforms\stackFramesFixer\debug\10.jar --output D:\AndroidStudio\H&H lessons\lesson7\app\build\intermediates\transforms\desugar\debug\11.jar --input D:\AndroidStudio\H&H lessons\lesson7\app\build\intermediates\transforms\stackFramesFixer\debug\1.jar --output D:\AndroidStudio\H&H lessons\lesson7\app\build\intermediates\transforms\desugar\debug\2.jar --input D:\AndroidStudio\H&H lessons\lesson7\app\build\intermediates\transforms\stackFramesFixer\debug\3.jar --output D:\AndroidStudio\H&H lessons\lesson7\app\build\intermediates\transforms\desugar\debug\4.jar --input D:\AndroidStudio\H&H lessons\lesson7\app\build\intermediates\transforms\stackFramesFixer\debug\22.jar --output D:\AndroidStudio\H&H lessons\lesson7\app\build\intermediates\transforms\desugar\debug\23.jar --input D:\AndroidStudio\H&H lessons\lesson7\app\build\intermediates\classes\debug --output D:\AndroidStudio\H&H lessons\lesson7\app\build\intermediates\transforms\desugar\debug\0 --input D:\AndroidStudio\H&H lessons\lesson7\app\build\intermediates\transforms\stackFramesFixer\debug\11.jar --output D:\AndroidStudio\H&H lessons\lesson7\app\build\intermediates\transforms\desugar\debug\12.jar --input D:\AndroidStudio\H&H lessons\lesson7\app\build\intermediates\transforms\stackFramesFixer\debug\7.jar --output D:\AndroidStudio\H&H lessons\lesson7\app\build\intermediates\transforms\desugar\debug\8.jar --input D:\AndroidStudio\H&H lessons\lesson7\app\build\intermediat
java_class_path (initial): C:\Users\metuc\AppData\Local\Temp\desugar_deploy.jar3243822354496726275
Launcher Type: SUN_STANDARD

Environment Variables:
PATH=C:\ProgramData\Oracle\Java\javapath;C:\Program Files (x86)\Common Files\Oracle\Java\javapath;C:\Program Files\Java\jre1.8.0_161\bin;C:\Program Files\Microsoft HPC Pack 2008 SDK\Bin\;C:\Windows\system32;C:\Windows;C:\Windows\System32\Wbem;C:\Windows\System32\WindowsPowerShell\v1.0\;C:\Program Files (x86)\NVIDIA Corporation\PhysX\Common;C:\WINDOWS\system32;C:\WINDOWS;C:\WINDOWS\System32\Wbem;C:\WINDOWS\System32\WindowsPowerShell\v1.0\;C:\Program Files (x86)\Microsoft SQL Server\100\Tools\Binn\;C:\Program Files\Microsoft SQL Server\100\Tools\Binn\;C:\Program Files\Microsoft SQL Server\100\DTS\Binn\;D:\программы\скайп\Phone\;C:\Program Files\Common Files\Autodesk Shared\;C:\Program Files (x86)\Autodesk\Backburner\;D:\программы\Git\cmd;C:\Users\metuc\AppData\Local\Microsoft\WindowsApps;
USERNAME=Александр
OS=Windows_NT
PROCESSOR_IDENTIFIER=Intel64 Family 6 Model 58 Stepping 9, GenuineIntel



---------------  S Y S T E M  ---------------

OS: Windows 10.0 , 64 bit Build 16299 (10.0.16299.431)

CPU:total 4 (initial active 4) (2 cores per cpu, 2 threads per core) family 6 model 58 stepping 9, cmov, cx8, fxsr, mmx, sse, sse2, sse3, ssse3, sse4.1, sse4.2, popcnt, avx, aes, clmul, erms, ht, tsc, tscinvbit, tscinv

Memory: 4k page, physical 8283516k(1548852k free), swap 12966700k(5676k free)

vm_info: OpenJDK 64-Bit Server VM (25.152-b02) for windows-amd64 JRE (1.8.0_152-release-1024-b02), built by "builder" with MS VC++ 10.0 (VS2010)

time: Mon Jul 16 13:08:34 2018
elapsed time: 0 seconds (0d 0h 0m 0s)

