#
# There is insufficient memory for the Java Runtime Environment to continue.
# Native memory allocation (malloc) failed to allocate 32744 bytes for ChunkPool::allocate
# Possible reasons:
#   The system is out of physical RAM or swap space
#   In 32 bit mode, the process size limit was hit
# Possible solutions:
#   Reduce memory load on the system
#   Increase physical memory or swap space
#   Check if swap backing store is full
#   Use 64 bit Java on a 64 bit OS
#   Decrease Java heap size (-Xmx/-Xms)
#   Decrease number of Java threads
#   Decrease Java thread stack sizes (-Xss)
#   Set larger code cache with -XX:ReservedCodeCacheSize=
# This output file may be truncated or incomplete.
#
#  Out of Memory Error (allocation.cpp:273), pid=6076, tid=0x00000000000026c4
#
# JRE version: OpenJDK Runtime Environment (8.0_152-b02) (build 1.8.0_152-release-1024-b02)
# Java VM: OpenJDK 64-Bit Server VM (25.152-b02 mixed mode windows-amd64 compressed oops)
# Failed to write core dump. Minidumps are not enabled by default on client versions of Windows
#

---------------  T H R E A D  ---------------

Current thread (0x0000000014ce8000):  JavaThread "C2 CompilerThread1" daemon [_thread_in_native, id=9924, stack(0x00000000163f0000,0x00000000164f0000)]

Stack: [0x00000000163f0000,0x00000000164f0000]
[error occurred during error reporting (printing stack bounds), id 0xc0000005]

Native frames: (J=compiled Java code, j=interpreted, Vv=VM code, C=native code)


Current CompileTask:
C2:   2467  985       4       org.objectweb.asm.Type::getType (269 bytes)


---------------  P R O C E S S  ---------------

Java Threads: ( => current thread )
  0x0000000016501800 JavaThread "Service Thread" daemon [_thread_blocked, id=11764, stack(0x00000000169f0000,0x0000000016af0000)]
  0x00000000164f8800 JavaThread "C1 CompilerThread2" daemon [_thread_blocked, id=9932, stack(0x00000000168f0000,0x00000000169f0000)]
=>0x0000000014ce8000 JavaThread "C2 CompilerThread1" daemon [_thread_in_native, id=9924, stack(0x00000000163f0000,0x00000000164f0000)]
  0x0000000014c8e800 JavaThread "C2 CompilerThread0" daemon [_thread_in_native, id=12176, stack(0x00000000162f0000,0x00000000163f0000)]
  0x0000000014c8c800 JavaThread "Attach Listener" daemon [_thread_blocked, id=10740, stack(0x00000000161f0000,0x00000000162f0000)]
  0x0000000014c9b000 JavaThread "Signal Dispatcher" daemon [_thread_blocked, id=8432, stack(0x00000000160f0000,0x00000000161f0000)]
  0x0000000014c7b000 JavaThread "Finalizer" daemon [_thread_blocked, id=9156, stack(0x0000000015ef0000,0x0000000015ff0000)]
  0x0000000004925000 JavaThread "Reference Handler" daemon [_thread_blocked, id=692, stack(0x0000000015df0000,0x0000000015ef0000)]
  0x0000000004835000 JavaThread "main" [_thread_in_Java, id=12304, stack(0x0000000004650000,0x0000000004750000)]

Other Threads:
  0x0000000014c56800 VMThread [stack: 0x0000000015cf0000,0x0000000015df0000] [id=6384]
  0x00000000164fa000 WatcherThread [stack: 0x0000000016af0000,0x0000000016bf0000] [id=9636]

VM state:not at safepoint (normal execution)

VM Mutex/Monitor currently owned by a thread: None

Heap:
 PSYoungGen      total 18944K, used 7904K [0x00000000feb00000, 0x0000000100000000, 0x0000000100000000)
  eden space 16384K, 32% used [0x00000000feb00000,0x00000000ff03cc50,0x00000000ffb00000)
  from space 2560K, 99% used [0x00000000ffd80000,0x00000000ffffb428,0x0000000100000000)
  to   space 2560K, 0% used [0x00000000ffb00000,0x00000000ffb00000,0x00000000ffd80000)
 ParOldGen       total 44032K, used 5430K [0x00000000fc000000, 0x00000000feb00000, 0x00000000feb00000)
  object space 44032K, 12% used [0x00000000fc000000,0x00000000fc54db48,0x00000000feb00000)
 Metaspace       used 7856K, capacity 8036K, committed 8192K, reserved 1056768K
  class space    used 902K, capacity 1002K, committed 1024K, reserved 1048576K

Card table byte_map: [0x0000000002e60000,0x0000000002e90000] byte_map_base: 0x0000000002680000

Marking Bits: (ParMarkBitMap*) 0x0000000066d74970
 Begin Bits: [0x00000000140f0000, 0x00000000141f0000)
 End Bits:   [0x00000000141f0000, 0x00000000142f0000)

Polling page: 0x0000000002e30000

CodeCache: size=245760Kb used=3636Kb max_used=3645Kb free=242123Kb
 bounds [0x0000000004930000, 0x0000000004cd0000, 0x0000000013930000]
 total_blobs=1316 nmethods=984 adapters=246
 compilation: enabled

Compilation events (10 events):
Event: 2.440 Thread 0x00000000164f8800 nmethod 980 0x0000000004cc11d0 code [0x0000000004cc1360, 0x0000000004cc1738]
Event: 2.440 Thread 0x00000000164f8800  981       3       org.objectweb.asm.ClassWriter::visitInnerClass (120 bytes)
Event: 2.441 Thread 0x00000000164f8800 nmethod 981 0x0000000004cc0450 code [0x0000000004cc0640, 0x0000000004cc0da8]
Event: 2.441 Thread 0x0000000014ce8000  982       4       org.objectweb.asm.MethodWriter::visitLineNumber (50 bytes)
Event: 2.448 Thread 0x0000000014ce8000 nmethod 982 0x0000000004cc1890 code [0x0000000004cc1a00, 0x0000000004cc1e78]
Event: 2.449 Thread 0x0000000014ce8000  983       4       org.objectweb.asm.MethodWriter::visitInsn (114 bytes)
Event: 2.453 Thread 0x0000000014ce8000 nmethod 983 0x0000000004cc2250 code [0x0000000004cc23a0, 0x0000000004cc25e8]
Event: 2.456 Thread 0x00000000164f8800  984       3       java.nio.Buffer::limit (62 bytes)
Event: 2.456 Thread 0x00000000164f8800 nmethod 984 0x0000000004cbff10 code [0x0000000004cc0080, 0x0000000004cc0388]
Event: 2.459 Thread 0x0000000014ce8000  985       4       org.objectweb.asm.Type::getType (269 bytes)

GC Heap History (4 events):
Event: 1.368 GC heap before
{Heap before GC invocations=1 (full 0):
 PSYoungGen      total 18944K, used 16384K [0x00000000feb00000, 0x0000000100000000, 0x0000000100000000)
  eden space 16384K, 100% used [0x00000000feb00000,0x00000000ffb00000,0x00000000ffb00000)
  from space 2560K, 0% used [0x00000000ffd80000,0x00000000ffd80000,0x0000000100000000)
  to   space 2560K, 0% used [0x00000000ffb00000,0x00000000ffb00000,0x00000000ffd80000)
 ParOldGen       total 44032K, used 0K [0x00000000fc000000, 0x00000000feb00000, 0x00000000feb00000)
  object space 44032K, 0% used [0x00000000fc000000,0x00000000fc000000,0x00000000feb00000)
 Metaspace       used 6668K, capacity 6874K, committed 7040K, reserved 1056768K
  class space    used 791K, capacity 871K, committed 896K, reserved 1048576K
Event: 1.375 GC heap after
Heap after GC invocations=1 (full 0):
 PSYoungGen      total 18944K, used 2544K [0x00000000feb00000, 0x0000000100000000, 0x0000000100000000)
  eden space 16384K, 0% used [0x00000000feb00000,0x00000000feb00000,0x00000000ffb00000)
  from space 2560K, 99% used [0x00000000ffb00000,0x00000000ffd7c020,0x00000000ffd80000)
  to   space 2560K, 0% used [0x00000000ffd80000,0x00000000ffd80000,0x0000000100000000)
 ParOldGen       total 44032K, used 1495K [0x00000000fc000000, 0x00000000feb00000, 0x00000000feb00000)
  object space 44032K, 3% used [0x00000000fc000000,0x00000000fc175df8,0x00000000feb00000)
 Metaspace       used 6668K, capacity 6874K, committed 7040K, reserved 1056768K
  class space    used 791K, capacity 871K, committed 896K, reserved 1048576K
}
Event: 2.047 GC heap before
{Heap before GC invocations=2 (full 0):
 PSYoungGen      total 18944K, used 18928K [0x00000000feb00000, 0x0000000100000000, 0x0000000100000000)
  eden space 16384K, 100% used [0x00000000feb00000,0x00000000ffb00000,0x00000000ffb00000)
  from space 2560K, 99% used [0x00000000ffb00000,0x00000000ffd7c020,0x00000000ffd80000)
  to   space 2560K, 0% used [0x00000000ffd80000,0x00000000ffd80000,0x0000000100000000)
 ParOldGen       total 44032K, used 1495K [0x00000000fc000000, 0x00000000feb00000, 0x00000000feb00000)
  object space 44032K, 3% used [0x00000000fc000000,0x00000000fc175df8,0x00000000feb00000)
 Metaspace       used 7805K, capacity 8036K, committed 8192K, reserved 1056768K
  class space    used 901K, capacity 1002K, committed 1024K, reserved 1048576K
Event: 2.063 GC heap after
Heap after GC invocations=2 (full 0):
 PSYoungGen      total 18944K, used 2541K [0x00000000feb00000, 0x0000000100000000, 0x0000000100000000)
  eden space 16384K, 0% used [0x00000000feb00000,0x00000000feb00000,0x00000000ffb00000)
  from space 2560K, 99% used [0x00000000ffd80000,0x00000000ffffb428,0x0000000100000000)
  to   space 2560K, 0% used [0x00000000ffb00000,0x00000000ffb00000,0x00000000ffd80000)
 ParOldGen       total 44032K, used 5430K [0x00000000fc000000, 0x00000000feb00000, 0x00000000feb00000)
  object space 44032K, 12% used [0x00000000fc000000,0x00000000fc54db48,0x00000000feb00000)
 Metaspace       used 7805K, capacity 8036K, committed 8192K, reserved 1056768K
  class space    used 901K, capacity 1002K, committed 1024K, reserved 1048576K
}

Deoptimization events (10 events):
Event: 1.643 Thread 0x0000000004835000 Uncommon trap: reason=class_check action=maybe_recompile pc=0x0000000004b4cd2c method=com.google.common.collect.TransformedIterator.hasNext()Z @ 4
Event: 1.643 Thread 0x0000000004835000 Uncommon trap: reason=class_check action=maybe_recompile pc=0x0000000004b4cd2c method=com.google.common.collect.TransformedIterator.hasNext()Z @ 4
Event: 1.643 Thread 0x0000000004835000 Uncommon trap: reason=class_check action=maybe_recompile pc=0x0000000004b4c798 method=com.google.common.collect.TransformedIterator.next()Ljava/lang/Object; @ 5
Event: 1.643 Thread 0x0000000004835000 Uncommon trap: reason=class_check action=maybe_recompile pc=0x0000000004b459d0 method=com.google.common.collect.Iterators$7.transform(Ljava/lang/Object;)Ljava/lang/Object; @ 5
Event: 1.643 Thread 0x0000000004835000 Uncommon trap: reason=class_check action=maybe_recompile pc=0x0000000004b4cd2c method=com.google.common.collect.TransformedIterator.hasNext()Z @ 4
Event: 1.643 Thread 0x0000000004835000 Uncommon trap: reason=class_check action=maybe_recompile pc=0x0000000004b4c798 method=com.google.common.collect.TransformedIterator.next()Ljava/lang/Object; @ 5
Event: 1.643 Thread 0x0000000004835000 Uncommon trap: reason=class_check action=maybe_recompile pc=0x0000000004b459d0 method=com.google.common.collect.Iterators$7.transform(Ljava/lang/Object;)Ljava/lang/Object; @ 5
Event: 1.643 Thread 0x0000000004835000 Uncommon trap: reason=class_check action=maybe_recompile pc=0x0000000004b4c798 method=com.google.common.collect.TransformedIterator.next()Ljava/lang/Object; @ 5
Event: 1.644 Thread 0x0000000004835000 Uncommon trap: reason=class_check action=maybe_recompile pc=0x0000000004b459d0 method=com.google.common.collect.Iterators$7.transform(Ljava/lang/Object;)Ljava/lang/Object; @ 5
Event: 2.265 Thread 0x0000000004835000 Uncommon trap: reason=unstable_if action=reinterpret pc=0x0000000004c14048 method=java.lang.String.<init>([CII)V @ 18

Classes redefined (0 events):
No events

Internal exceptions (10 events):
Event: 1.409 Thread 0x0000000004835000 Implicit null exception at 0x0000000004b5d7c5 to 0x0000000004b5e15d
Event: 1.410 Thread 0x0000000004835000 Implicit null exception at 0x0000000004b4d5e4 to 0x0000000004b4dbbd
Event: 1.411 Thread 0x0000000004835000 Implicit null exception at 0x0000000004b4adb8 to 0x0000000004b4b221
Event: 1.466 Thread 0x0000000004835000 Exception <a 'sun/nio/fs/WindowsException'> (0x00000000ff18b5f0) thrown at [D:\src\AOSP-openjdk-cygwin\jdk8u\hotspot\src\share\vm\prims\jni.cpp, line 709]
Event: 1.467 Thread 0x0000000004835000 Exception <a 'sun/nio/fs/WindowsException'> (0x00000000ff18bbc0) thrown at [D:\src\AOSP-openjdk-cygwin\jdk8u\hotspot\src\share\vm\prims\jni.cpp, line 709]
Event: 1.467 Thread 0x0000000004835000 Exception <a 'sun/nio/fs/WindowsException'> (0x00000000ff18c198) thrown at [D:\src\AOSP-openjdk-cygwin\jdk8u\hotspot\src\share\vm\prims\jni.cpp, line 709]
Event: 1.467 Thread 0x0000000004835000 Exception <a 'sun/nio/fs/WindowsException'> (0x00000000ff18c968) thrown at [D:\src\AOSP-openjdk-cygwin\jdk8u\hotspot\src\share\vm\prims\jni.cpp, line 709]
Event: 1.481 Thread 0x0000000004835000 Exception <a 'sun/nio/fs/WindowsException'> (0x00000000ff191900) thrown at [D:\src\AOSP-openjdk-cygwin\jdk8u\hotspot\src\share\vm\prims\jni.cpp, line 709]
Event: 1.599 Thread 0x0000000004835000 Exception <a 'sun/nio/fs/WindowsException'> (0x00000000ff5581f8) thrown at [D:\src\AOSP-openjdk-cygwin\jdk8u\hotspot\src\share\vm\prims\jni.cpp, line 709]
Event: 1.599 Thread 0x0000000004835000 Exception <a 'sun/nio/fs/WindowsException'> (0x00000000ff558788) thrown at [D:\src\AOSP-openjdk-cygwin\jdk8u\hotspot\src\share\vm\prims\jni.cpp, line 709]

Events (10 events):
Event: 1.880 loading class org/objectweb/asm/Handler done
Event: 1.921 loading class org/objectweb/asm/tree/LocalVariableNode
Event: 1.921 loading class org/objectweb/asm/tree/LocalVariableNode done
Event: 2.044 Executing VM operation: ParallelGCFailedAllocation
Event: 2.063 Executing VM operation: ParallelGCFailedAllocation done
Event: 2.264 Thread 0x0000000004835000 DEOPT PACKING pc=0x0000000004a80007 sp=0x000000000474ea60
Event: 2.264 Thread 0x0000000004835000 DEOPT UNPACKING pc=0x00000000049775d0 sp=0x000000000474e790 mode 0
Event: 2.265 Thread 0x0000000004835000 Uncommon trap: trap_request=0xffffff65 fr.pc=0x0000000004c14048
Event: 2.265 Thread 0x0000000004835000 DEOPT PACKING pc=0x0000000004c14048 sp=0x000000000474e2b0
Event: 2.265 Thread 0x0000000004835000 DEOPT UNPACKING pc=0x000000000497557b sp=0x000000000474e158 mode 2


Dynamic libraries:
0x00007ff66ebe0000 - 0x00007ff66ec11000 	C:\Program Files\Android\Android Studio\jre\bin\java.exe
0x00007ffc57ab0000 - 0x00007ffc57c90000 	C:\WINDOWS\SYSTEM32\ntdll.dll
0x00007ffc57720000 - 0x00007ffc577ce000 	C:\WINDOWS\System32\KERNEL32.DLL
0x00007ffc54120000 - 0x00007ffc54386000 	C:\WINDOWS\System32\KERNELBASE.dll
0x00007ffc56ce0000 - 0x00007ffc56d81000 	C:\WINDOWS\System32\ADVAPI32.dll
0x00007ffc577d0000 - 0x00007ffc5786d000 	C:\WINDOWS\System32\msvcrt.dll
0x00007ffc55510000 - 0x00007ffc5556b000 	C:\WINDOWS\System32\sechost.dll
0x00007ffc57010000 - 0x00007ffc5712f000 	C:\WINDOWS\System32\RPCRT4.dll
0x00007ffc54fe0000 - 0x00007ffc5516f000 	C:\WINDOWS\System32\USER32.dll
0x00007ffc54f60000 - 0x00007ffc54f80000 	C:\WINDOWS\System32\win32u.dll
0x00007ffc54fb0000 - 0x00007ffc54fd8000 	C:\WINDOWS\System32\GDI32.dll
0x00007ffc54ae0000 - 0x00007ffc54c73000 	C:\WINDOWS\System32\gdi32full.dll
0x00007ffc53fb0000 - 0x00007ffc5404b000 	C:\WINDOWS\System32\msvcp_win.dll
0x00007ffc53eb0000 - 0x00007ffc53fa6000 	C:\WINDOWS\System32\ucrtbase.dll
0x00007ffc42ec0000 - 0x00007ffc43129000 	C:\WINDOWS\WinSxS\amd64_microsoft.windows.common-controls_6595b64144ccf1df_6.0.16299.431_none_15c7d3ee93659e73\COMCTL32.dll
0x00007ffc55200000 - 0x00007ffc55508000 	C:\WINDOWS\System32\combase.dll
0x00007ffc54050000 - 0x00007ffc540c2000 	C:\WINDOWS\System32\bcryptPrimitives.dll
0x00007ffc54f80000 - 0x00007ffc54fad000 	C:\WINDOWS\System32\IMM32.DLL
0x00000000663f0000 - 0x00000000664c2000 	C:\Program Files\Android\Android Studio\jre\jre\bin\msvcr100.dll
0x00000000665b0000 - 0x0000000066def000 	C:\Program Files\Android\Android Studio\jre\jre\bin\server\jvm.dll
0x00007ffc55620000 - 0x00007ffc55628000 	C:\WINDOWS\System32\PSAPI.DLL
0x00007ffc4c7e0000 - 0x00007ffc4c7e9000 	C:\WINDOWS\SYSTEM32\WSOCK32.dll
0x00007ffc56fa0000 - 0x00007ffc5700c000 	C:\WINDOWS\System32\WS2_32.dll
0x00007ffc521c0000 - 0x00007ffc521e3000 	C:\WINDOWS\SYSTEM32\WINMM.dll
0x00007ffc46120000 - 0x00007ffc4612a000 	C:\WINDOWS\SYSTEM32\VERSION.dll
0x00007ffc52160000 - 0x00007ffc5218a000 	C:\WINDOWS\SYSTEM32\WINMMBASE.dll
0x00007ffc540d0000 - 0x00007ffc5411a000 	C:\WINDOWS\System32\cfgmgr32.dll
0x00007ffc52310000 - 0x00007ffc5231f000 	C:\Program Files\Android\Android Studio\jre\jre\bin\verify.dll
0x00007ffc4a2f0000 - 0x00007ffc4a319000 	C:\Program Files\Android\Android Studio\jre\jre\bin\java.dll
0x00007ffc50ad0000 - 0x00007ffc50ae6000 	C:\Program Files\Android\Android Studio\jre\jre\bin\zip.dll
0x00007ffc55630000 - 0x00007ffc56a68000 	C:\WINDOWS\System32\SHELL32.dll
0x00007ffc55570000 - 0x00007ffc55616000 	C:\WINDOWS\System32\shcore.dll
0x00007ffc54390000 - 0x00007ffc54ad7000 	C:\WINDOWS\System32\windows.storage.dll
0x00007ffc57a20000 - 0x00007ffc57a71000 	C:\WINDOWS\System32\shlwapi.dll
0x00007ffc53e90000 - 0x00007ffc53ea1000 	C:\WINDOWS\System32\kernel.appcore.dll
0x00007ffc53e20000 - 0x00007ffc53e6c000 	C:\WINDOWS\System32\powrprof.dll
0x00007ffc53e00000 - 0x00007ffc53e1b000 	C:\WINDOWS\System32\profapi.dll
0x00007ffc53800000 - 0x00007ffc53817000 	C:\WINDOWS\SYSTEM32\CRYPTSP.dll
0x00007ffc53230000 - 0x00007ffc53263000 	C:\WINDOWS\system32\rsaenh.dll
0x00007ffc53900000 - 0x00007ffc53925000 	C:\WINDOWS\SYSTEM32\bcrypt.dll
0x00007ffc53d30000 - 0x00007ffc53d59000 	C:\WINDOWS\SYSTEM32\USERENV.dll
0x00007ffc537f0000 - 0x00007ffc537fb000 	C:\WINDOWS\SYSTEM32\CRYPTBASE.dll
0x00007ffc4ffb0000 - 0x00007ffc4ffca000 	C:\Program Files\Android\Android Studio\jre\jre\bin\net.dll
0x00007ffc53630000 - 0x00007ffc53696000 	C:\WINDOWS\system32\mswsock.dll
0x00007ffc533c0000 - 0x00007ffc533f9000 	C:\WINDOWS\SYSTEM32\IPHLPAPI.DLL
0x00007ffc55170000 - 0x00007ffc55178000 	C:\WINDOWS\System32\NSI.dll
0x00007ffc4cff0000 - 0x00007ffc4d006000 	C:\WINDOWS\SYSTEM32\dhcpcsvc6.DLL
0x00007ffc4d6a0000 - 0x00007ffc4d6ba000 	C:\WINDOWS\SYSTEM32\dhcpcsvc.DLL
0x00007ffc4a2d0000 - 0x00007ffc4a2e1000 	C:\Program Files\Android\Android Studio\jre\jre\bin\nio.dll

VM Arguments:
jvm_args: -Djava.awt.headless=true -Xmx64M -Dfile.encoding=windows-1251 -Duser.country=RU -Duser.language=ru -Duser.variant 
java_command: com.google.devtools.build.android.desugar.Desugar --input D:\AndroidStudio\H&H lessons\lesson7\app\build\intermediates\transforms\stackFramesFixer\debug\14.jar --output D:\AndroidStudio\H&H lessons\lesson7\app\build\intermediates\transforms\desugar\debug\15.jar --input D:\AndroidStudio\H&H lessons\lesson7\app\build\intermediates\transforms\stackFramesFixer\debug\33.jar --output D:\AndroidStudio\H&H lessons\lesson7\app\build\intermediates\transforms\desugar\debug\34.jar --input D:\AndroidStudio\H&H lessons\lesson7\app\build\intermediates\transforms\stackFramesFixer\debug\27.jar --output D:\AndroidStudio\H&H lessons\lesson7\app\build\intermediates\transforms\desugar\debug\28.jar --input D:\AndroidStudio\H&H lessons\lesson7\app\build\intermediates\transforms\stackFramesFixer\debug\32.jar --output D:\AndroidStudio\H&H lessons\lesson7\app\build\intermediates\transforms\desugar\debug\33.jar --input D:\AndroidStudio\H&H lessons\lesson7\app\build\intermediates\transforms\stackFramesFixer\debug\19.jar --output D:\AndroidStudio\H&H lessons\lesson7\app\build\intermediates\transforms\desugar\debug\20.jar --input D:\AndroidStudio\H&H lessons\lesson7\app\build\intermediates\transforms\stackFramesFixer\debug\25.jar --output D:\AndroidStudio\H&H lessons\lesson7\app\build\intermediates\transforms\desugar\debug\26.jar --input D:\AndroidStudio\H&H lessons\lesson7\app\build\intermediates\transforms\stackFramesFixer\debug\4.jar --output D:\AndroidStudio\H&H lessons\lesson7\app\build\intermediates\transforms\desugar\debug\5.jar --input D:\AndroidStudio\H&H lessons\lesson7\app\build\intermediates\transforms\stackFramesFixer\debug\20.jar --output D:\AndroidStudio\H&H lessons\lesson7\app\build\intermediates\transforms\desugar\debug\21.jar --input D:\AndroidStudio\H&H lessons\lesson7\app\build\intermediates\transforms\stackFramesFixer\debug\0.jar --output D:\AndroidStudio\H&H lessons\lesson7\app\build\intermediates\transforms\desugar\debug\1.jar --input D:\AndroidStudio\H&H l
java_class_path (initial): C:\Users\metuc\AppData\Local\Temp\desugar_deploy.jar3243822354496726275
Launcher Type: SUN_STANDARD

Environment Variables:
PATH=C:\ProgramData\Oracle\Java\javapath;C:\Program Files (x86)\Common Files\Oracle\Java\javapath;C:\Program Files\Java\jre1.8.0_161\bin;C:\Program Files\Microsoft HPC Pack 2008 SDK\Bin\;C:\Windows\system32;C:\Windows;C:\Windows\System32\Wbem;C:\Windows\System32\WindowsPowerShell\v1.0\;C:\Program Files (x86)\NVIDIA Corporation\PhysX\Common;C:\WINDOWS\system32;C:\WINDOWS;C:\WINDOWS\System32\Wbem;C:\WINDOWS\System32\WindowsPowerShell\v1.0\;C:\Program Files (x86)\Microsoft SQL Server\100\Tools\Binn\;C:\Program Files\Microsoft SQL Server\100\Tools\Binn\;C:\Program Files\Microsoft SQL Server\100\DTS\Binn\;D:\программы\скайп\Phone\;C:\Program Files\Common Files\Autodesk Shared\;C:\Program Files (x86)\Autodesk\Backburner\;D:\программы\Git\cmd;C:\Users\metuc\AppData\Local\Microsoft\WindowsApps;
USERNAME=Александр
OS=Windows_NT
PROCESSOR_IDENTIFIER=Intel64 Family 6 Model 58 Stepping 9, GenuineIntel



---------------  S Y S T E M  ---------------

OS: Windows 10.0 , 64 bit Build 16299 (10.0.16299.431)

CPU:total 4 (initial active 4) (2 cores per cpu, 2 threads per core) family 6 model 58 stepping 9, cmov, cx8, fxsr, mmx, sse, sse2, sse3, ssse3, sse4.1, sse4.2, popcnt, avx, aes, clmul, erms, ht, tsc, tscinvbit, tscinv

Memory: 4k page, physical 8283516k(1398980k free), swap 12966700k(3636k free)

vm_info: OpenJDK 64-Bit Server VM (25.152-b02) for windows-amd64 JRE (1.8.0_152-release-1024-b02), built by "builder" with MS VC++ 10.0 (VS2010)

time: Mon Jul 16 13:08:36 2018
elapsed time: 2 seconds (0d 0h 0m 2s)

