#
# There is insufficient memory for the Java Runtime Environment to continue.
# Native memory allocation (malloc) failed to allocate 1553776 bytes for Chunk::new
# Possible reasons:
#   The system is out of physical RAM or swap space
#   In 32 bit mode, the process size limit was hit
# Possible solutions:
#   Reduce memory load on the system
#   Increase physical memory or swap space
#   Check if swap backing store is full
#   Use 64 bit Java on a 64 bit OS
#   Decrease Java heap size (-Xmx/-Xms)
#   Decrease number of Java threads
#   Decrease Java thread stack sizes (-Xss)
#   Set larger code cache with -XX:ReservedCodeCacheSize=
# This output file may be truncated or incomplete.
#
#  Out of Memory Error (allocation.cpp:390), pid=1028, tid=0x0000000000002c98
#
# JRE version: OpenJDK Runtime Environment (8.0_152-b02) (build 1.8.0_152-release-1024-b02)
# Java VM: OpenJDK 64-Bit Server VM (25.152-b02 mixed mode windows-amd64 compressed oops)
# Failed to write core dump. Minidumps are not enabled by default on client versions of Windows
#

---------------  T H R E A D  ---------------

Current thread (0x000000001515f800):  JavaThread "C2 CompilerThread0" daemon [_thread_in_native, id=11416, stack(0x00000000167b0000,0x00000000168b0000)]

Stack: [0x00000000167b0000,0x00000000168b0000]
[error occurred during error reporting (printing stack bounds), id 0xc0000005]

Native frames: (J=compiled Java code, j=interpreted, Vv=VM code, C=native code)


Current CompileTask:
C2:   9539 1351 %     4       org.objectweb.asm.ClassReader::readCode @ 2204 (3575 bytes)


---------------  P R O C E S S  ---------------

Java Threads: ( => current thread )
  0x0000000016ad4800 JavaThread "Service Thread" daemon [_thread_blocked, id=12036, stack(0x0000000016eb0000,0x0000000016fb0000)]
  0x0000000015166000 JavaThread "C1 CompilerThread2" daemon [_thread_in_vm, id=12328, stack(0x00000000169b0000,0x0000000016ab0000)]
  0x0000000015163000 JavaThread "C2 CompilerThread1" daemon [_thread_blocked, id=11344, stack(0x00000000168b0000,0x00000000169b0000)]
=>0x000000001515f800 JavaThread "C2 CompilerThread0" daemon [_thread_in_native, id=11416, stack(0x00000000167b0000,0x00000000168b0000)]
  0x000000001515d000 JavaThread "Attach Listener" daemon [_thread_blocked, id=156, stack(0x00000000166b0000,0x00000000167b0000)]
  0x000000001516b800 JavaThread "Signal Dispatcher" daemon [_thread_blocked, id=10516, stack(0x00000000165b0000,0x00000000166b0000)]
  0x000000001514e800 JavaThread "Finalizer" daemon [_thread_blocked, id=4732, stack(0x00000000163b0000,0x00000000164b0000)]
  0x0000000004df5000 JavaThread "Reference Handler" daemon [_thread_blocked, id=10748, stack(0x00000000162b0000,0x00000000163b0000)]
  0x0000000004d05000 JavaThread "main" [_thread_in_Java, id=8512, stack(0x0000000004c00000,0x0000000004d00000)]

Other Threads:
  0x0000000015126800 VMThread [stack: 0x00000000161b0000,0x00000000162b0000] [id=12392]
  0x0000000016b05000 WatcherThread [stack: 0x0000000016fb0000,0x00000000170b0000] [id=12144]

VM state:not at safepoint (normal execution)

VM Mutex/Monitor currently owned by a thread: None

Heap:
 PSYoungGen      total 14336K, used 3583K [0x00000000feb00000, 0x0000000100000000, 0x0000000100000000)
  eden space 7168K, 48% used [0x00000000feb00000,0x00000000fee5fc00,0x00000000ff200000)
  from space 7168K, 1% used [0x00000000ff900000,0x00000000ff920000,0x0000000100000000)
  to   space 7168K, 0% used [0x00000000ff200000,0x00000000ff200000,0x00000000ff900000)
 ParOldGen       total 44032K, used 9420K [0x00000000fc000000, 0x00000000feb00000, 0x00000000feb00000)
  object space 44032K, 21% used [0x00000000fc000000,0x00000000fc933150,0x00000000feb00000)
 Metaspace       used 8088K, capacity 8350K, committed 8448K, reserved 1056768K
  class space    used 907K, capacity 1004K, committed 1024K, reserved 1048576K

Card table byte_map: [0x0000000004ae0000,0x0000000004b10000] byte_map_base: 0x0000000004300000

Marking Bits: (ParMarkBitMap*) 0x0000000066d74970
 Begin Bits: [0x00000000145c0000, 0x00000000146c0000)
 End Bits:   [0x00000000146c0000, 0x00000000147c0000)

Polling page: 0x00000000009f0000

CodeCache: size=245760Kb used=6212Kb max_used=6219Kb free=239547Kb
 bounds [0x0000000004e00000, 0x0000000005420000, 0x0000000013e00000]
 total_blobs=1702 nmethods=1369 adapters=246
 compilation: enabled

Compilation events (10 events):
Event: 9.326 Thread 0x0000000015163000 1353       4       org.objectweb.asm.ClassReader::readConst (259 bytes)
Event: 9.343 Thread 0x0000000015163000 nmethod 1353 0x00000000053df8d0 code [0x00000000053dfb80, 0x00000000053e0570]
Event: 9.441 Thread 0x0000000015163000 1354       4       org.objectweb.asm.MethodVisitor::visitIincInsn (17 bytes)
Event: 9.442 Thread 0x0000000015163000 nmethod 1354 0x00000000053d42d0 code [0x00000000053d4400, 0x00000000053d4498]
Event: 9.446 Thread 0x0000000015166000 1355       3       com.google.common.collect.CollectPreconditions::checkNonnegative (37 bytes)
Event: 9.447 Thread 0x0000000015166000 nmethod 1355 0x00000000053c8910 code [0x00000000053c8b00, 0x00000000053c9428]
Event: 9.449 Thread 0x0000000015166000 1356  s    3       java.util.Vector::add (39 bytes)
Event: 9.449 Thread 0x0000000015166000 nmethod 1356 0x00000000053df010 code [0x00000000053df1a0, 0x00000000053df6c8]
Event: 9.449 Thread 0x0000000015166000 1357       3       com.google.common.collect.ImmutableSet::construct (245 bytes)
Event: 9.451 Thread 0x0000000015166000 nmethod 1357 0x00000000053e4610 code [0x00000000053e4980, 0x00000000053e6588]

GC Heap History (10 events):
Event: 7.403 GC heap before
{Heap before GC invocations=8 (full 0):
 PSYoungGen      total 14336K, used 8128K [0x00000000feb00000, 0x0000000100000000, 0x0000000100000000)
  eden space 7168K, 100% used [0x00000000feb00000,0x00000000ff200000,0x00000000ff200000)
  from space 7168K, 13% used [0x00000000ff200000,0x00000000ff2f0000,0x00000000ff900000)
  to   space 7168K, 0% used [0x00000000ff900000,0x00000000ff900000,0x0000000100000000)
 ParOldGen       total 44032K, used 8426K [0x00000000fc000000, 0x00000000feb00000, 0x00000000feb00000)
  object space 44032K, 19% used [0x00000000fc000000,0x00000000fc83a920,0x00000000feb00000)
 Metaspace       used 8081K, capacity 8350K, committed 8448K, reserved 1056768K
  class space    used 907K, capacity 1004K, committed 1024K, reserved 1048576K
Event: 7.404 GC heap after
Heap after GC invocations=8 (full 0):
 PSYoungGen      total 14336K, used 768K [0x00000000feb00000, 0x0000000100000000, 0x0000000100000000)
  eden space 7168K, 0% used [0x00000000feb00000,0x00000000feb00000,0x00000000ff200000)
  from space 7168K, 10% used [0x00000000ff900000,0x00000000ff9c0000,0x0000000100000000)
  to   space 7168K, 0% used [0x00000000ff200000,0x00000000ff200000,0x00000000ff900000)
 ParOldGen       total 44032K, used 8770K [0x00000000fc000000, 0x00000000feb00000, 0x00000000feb00000)
  object space 44032K, 19% used [0x00000000fc000000,0x00000000fc890920,0x00000000feb00000)
 Metaspace       used 8081K, capacity 8350K, committed 8448K, reserved 1056768K
  class space    used 907K, capacity 1004K, committed 1024K, reserved 1048576K
}
Event: 7.617 GC heap before
{Heap before GC invocations=9 (full 0):
 PSYoungGen      total 14336K, used 7936K [0x00000000feb00000, 0x0000000100000000, 0x0000000100000000)
  eden space 7168K, 100% used [0x00000000feb00000,0x00000000ff200000,0x00000000ff200000)
  from space 7168K, 10% used [0x00000000ff900000,0x00000000ff9c0000,0x0000000100000000)
  to   space 7168K, 0% used [0x00000000ff200000,0x00000000ff200000,0x00000000ff900000)
 ParOldGen       total 44032K, used 8770K [0x00000000fc000000, 0x00000000feb00000, 0x00000000feb00000)
  object space 44032K, 19% used [0x00000000fc000000,0x00000000fc890920,0x00000000feb00000)
 Metaspace       used 8085K, capacity 8350K, committed 8448K, reserved 1056768K
  class space    used 907K, capacity 1004K, committed 1024K, reserved 1048576K
Event: 7.631 GC heap after
Heap after GC invocations=9 (full 0):
 PSYoungGen      total 14336K, used 384K [0x00000000feb00000, 0x0000000100000000, 0x0000000100000000)
  eden space 7168K, 0% used [0x00000000feb00000,0x00000000feb00000,0x00000000ff200000)
  from space 7168K, 5% used [0x00000000ff200000,0x00000000ff260000,0x00000000ff900000)
  to   space 7168K, 0% used [0x00000000ff900000,0x00000000ff900000,0x0000000100000000)
 ParOldGen       total 44032K, used 9188K [0x00000000fc000000, 0x00000000feb00000, 0x00000000feb00000)
  object space 44032K, 20% used [0x00000000fc000000,0x00000000fc8f9130,0x00000000feb00000)
 Metaspace       used 8085K, capacity 8350K, committed 8448K, reserved 1056768K
  class space    used 907K, capacity 1004K, committed 1024K, reserved 1048576K
}
Event: 7.742 GC heap before
{Heap before GC invocations=10 (full 0):
 PSYoungGen      total 14336K, used 7552K [0x00000000feb00000, 0x0000000100000000, 0x0000000100000000)
  eden space 7168K, 100% used [0x00000000feb00000,0x00000000ff200000,0x00000000ff200000)
  from space 7168K, 5% used [0x00000000ff200000,0x00000000ff260000,0x00000000ff900000)
  to   space 7168K, 0% used [0x00000000ff900000,0x00000000ff900000,0x0000000100000000)
 ParOldGen       total 44032K, used 9188K [0x00000000fc000000, 0x00000000feb00000, 0x00000000feb00000)
  object space 44032K, 20% used [0x00000000fc000000,0x00000000fc8f9130,0x00000000feb00000)
 Metaspace       used 8085K, capacity 8350K, committed 8448K, reserved 1056768K
  class space    used 907K, capacity 1004K, committed 1024K, reserved 1048576K
Event: 7.748 GC heap after
Heap after GC invocations=10 (full 0):
 PSYoungGen      total 14336K, used 288K [0x00000000feb00000, 0x0000000100000000, 0x0000000100000000)
  eden space 7168K, 0% used [0x00000000feb00000,0x00000000feb00000,0x00000000ff200000)
  from space 7168K, 4% used [0x00000000ff900000,0x00000000ff948000,0x0000000100000000)
  to   space 7168K, 0% used [0x00000000ff200000,0x00000000ff200000,0x00000000ff900000)
 ParOldGen       total 44032K, used 9404K [0x00000000fc000000, 0x00000000feb00000, 0x00000000feb00000)
  object space 44032K, 21% used [0x00000000fc000000,0x00000000fc92f150,0x00000000feb00000)
 Metaspace       used 8085K, capacity 8350K, committed 8448K, reserved 1056768K
  class space    used 907K, capacity 1004K, committed 1024K, reserved 1048576K
}
Event: 8.593 GC heap before
{Heap before GC invocations=11 (full 0):
 PSYoungGen      total 14336K, used 7456K [0x00000000feb00000, 0x0000000100000000, 0x0000000100000000)
  eden space 7168K, 100% used [0x00000000feb00000,0x00000000ff200000,0x00000000ff200000)
  from space 7168K, 4% used [0x00000000ff900000,0x00000000ff948000,0x0000000100000000)
  to   space 7168K, 0% used [0x00000000ff200000,0x00000000ff200000,0x00000000ff900000)
 ParOldGen       total 44032K, used 9404K [0x00000000fc000000, 0x00000000feb00000, 0x00000000feb00000)
  object space 44032K, 21% used [0x00000000fc000000,0x00000000fc92f150,0x00000000feb00000)
 Metaspace       used 8088K, capacity 8350K, committed 8448K, reserved 1056768K
  class space    used 907K, capacity 1004K, committed 1024K, reserved 1048576K
Event: 8.611 GC heap after
Heap after GC invocations=11 (full 0):
 PSYoungGen      total 14336K, used 96K [0x00000000feb00000, 0x0000000100000000, 0x0000000100000000)
  eden space 7168K, 0% used [0x00000000feb00000,0x00000000feb00000,0x00000000ff200000)
  from space 7168K, 1% used [0x00000000ff200000,0x00000000ff218000,0x00000000ff900000)
  to   space 7168K, 0% used [0x00000000ff900000,0x00000000ff900000,0x0000000100000000)
 ParOldGen       total 44032K, used 9412K [0x00000000fc000000, 0x00000000feb00000, 0x00000000feb00000)
  object space 44032K, 21% used [0x00000000fc000000,0x00000000fc931150,0x00000000feb00000)
 Metaspace       used 8088K, capacity 8350K, committed 8448K, reserved 1056768K
  class space    used 907K, capacity 1004K, committed 1024K, reserved 1048576K
}
Event: 9.373 GC heap before
{Heap before GC invocations=12 (full 0):
 PSYoungGen      total 14336K, used 7264K [0x00000000feb00000, 0x0000000100000000, 0x0000000100000000)
  eden space 7168K, 100% used [0x00000000feb00000,0x00000000ff200000,0x00000000ff200000)
  from space 7168K, 1% used [0x00000000ff200000,0x00000000ff218000,0x00000000ff900000)
  to   space 7168K, 0% used [0x00000000ff900000,0x00000000ff900000,0x0000000100000000)
 ParOldGen       total 44032K, used 9412K [0x00000000fc000000, 0x00000000feb00000, 0x00000000feb00000)
  object space 44032K, 21% used [0x00000000fc000000,0x00000000fc931150,0x00000000feb00000)
 Metaspace       used 8088K, capacity 8350K, committed 8448K, reserved 1056768K
  class space    used 907K, capacity 1004K, committed 1024K, reserved 1048576K
Event: 9.436 GC heap after
Heap after GC invocations=12 (full 0):
 PSYoungGen      total 14336K, used 128K [0x00000000feb00000, 0x0000000100000000, 0x0000000100000000)
  eden space 7168K, 0% used [0x00000000feb00000,0x00000000feb00000,0x00000000ff200000)
  from space 7168K, 1% used [0x00000000ff900000,0x00000000ff920000,0x0000000100000000)
  to   space 7168K, 0% used [0x00000000ff200000,0x00000000ff200000,0x00000000ff900000)
 ParOldGen       total 44032K, used 9420K [0x00000000fc000000, 0x00000000feb00000, 0x00000000feb00000)
  object space 44032K, 21% used [0x00000000fc000000,0x00000000fc933150,0x00000000feb00000)
 Metaspace       used 8088K, capacity 8350K, committed 8448K, reserved 1056768K
  class space    used 907K, capacity 1004K, committed 1024K, reserved 1048576K
}

Deoptimization events (10 events):
Event: 7.034 Thread 0x0000000004d05000 Uncommon trap: reason=unstable_if action=reinterpret pc=0x00000000052b6654 method=org.objectweb.asm.ClassWriter.toByteArray()[B @ 237
Event: 7.034 Thread 0x0000000004d05000 Uncommon trap: reason=unstable_if action=reinterpret pc=0x00000000052909d0 method=org.objectweb.asm.ClassReader.readField(Lorg/objectweb/asm/ClassVisitor;Lorg/objectweb/asm/Context;I)I @ 203
Event: 7.034 Thread 0x0000000004d05000 Uncommon trap: reason=unstable_if action=reinterpret pc=0x0000000005375c44 method=org.objectweb.asm.ClassReader.readMethod(Lorg/objectweb/asm/ClassVisitor;Lorg/objectweb/asm/Context;I)I @ 390
Event: 7.034 Thread 0x0000000004d05000 Uncommon trap: reason=unstable_if action=reinterpret pc=0x00000000052c4c34 method=org.objectweb.asm.MethodWriter.getSize()I @ 675
Event: 7.034 Thread 0x0000000004d05000 Uncommon trap: reason=unstable_if action=reinterpret pc=0x00000000052a6af0 method=org.objectweb.asm.MethodWriter.put(Lorg/objectweb/asm/ByteVector;)V @ 232
Event: 7.593 Thread 0x0000000004d05000 Uncommon trap: reason=unstable_if action=reinterpret pc=0x0000000005245ca0 method=org.objectweb.asm.Type.getArgumentsAndReturnSizes(Ljava/lang/String;)I @ 130
Event: 7.593 Thread 0x0000000004d05000 Uncommon trap: reason=unstable_if action=reinterpret pc=0x000000000514cd04 method=org.objectweb.asm.Type.getArgumentsAndReturnSizes(Ljava/lang/String;)I @ 130
Event: 7.689 Thread 0x0000000004d05000 Uncommon trap: reason=unstable_if action=reinterpret pc=0x00000000051e3a9c method=java.lang.String.<init>([CII)V @ 18
Event: 7.723 Thread 0x0000000004d05000 Uncommon trap: reason=unstable_if action=reinterpret pc=0x00000000053b42a0 method=org.objectweb.asm.FieldWriter.put(Lorg/objectweb/asm/ByteVector;)V @ 103
Event: 8.579 Thread 0x0000000004d05000 Uncommon trap: reason=unstable_if action=reinterpret pc=0x00000000053cf298 method=org.objectweb.asm.ClassReader.readMethod(Lorg/objectweb/asm/ClassVisitor;Lorg/objectweb/asm/Context;I)I @ 304

Classes redefined (0 events):
No events

Internal exceptions (10 events):
Event: 7.518 Thread 0x0000000004d05000 Exception <a 'sun/nio/fs/WindowsException'> (0x00000000feb15990) thrown at [D:\src\AOSP-openjdk-cygwin\jdk8u\hotspot\src\share\vm\prims\jni.cpp, line 709]
Event: 7.518 Thread 0x0000000004d05000 Exception <a 'sun/nio/fs/WindowsException'> (0x00000000feb15ea0) thrown at [D:\src\AOSP-openjdk-cygwin\jdk8u\hotspot\src\share\vm\prims\jni.cpp, line 709]
Event: 7.783 Thread 0x0000000004d05000 Exception <a 'sun/nio/fs/WindowsException'> (0x00000000febfc9c8) thrown at [D:\src\AOSP-openjdk-cygwin\jdk8u\hotspot\src\share\vm\prims\jni.cpp, line 709]
Event: 7.783 Thread 0x0000000004d05000 Exception <a 'sun/nio/fs/WindowsException'> (0x00000000febfced8) thrown at [D:\src\AOSP-openjdk-cygwin\jdk8u\hotspot\src\share\vm\prims\jni.cpp, line 709]
Event: 7.909 Thread 0x0000000004d05000 Exception <a 'sun/nio/fs/WindowsException'> (0x00000000ff07f180) thrown at [D:\src\AOSP-openjdk-cygwin\jdk8u\hotspot\src\share\vm\prims\jni.cpp, line 709]
Event: 7.909 Thread 0x0000000004d05000 Exception <a 'sun/nio/fs/WindowsException'> (0x00000000ff07f690) thrown at [D:\src\AOSP-openjdk-cygwin\jdk8u\hotspot\src\share\vm\prims\jni.cpp, line 709]
Event: 8.393 Thread 0x0000000004d05000 Exception <a 'sun/nio/fs/WindowsException'> (0x00000000ff0ae4c8) thrown at [D:\src\AOSP-openjdk-cygwin\jdk8u\hotspot\src\share\vm\prims\jni.cpp, line 709]
Event: 8.393 Thread 0x0000000004d05000 Exception <a 'sun/nio/fs/WindowsException'> (0x00000000ff0ae9d8) thrown at [D:\src\AOSP-openjdk-cygwin\jdk8u\hotspot\src\share\vm\prims\jni.cpp, line 709]
Event: 9.146 Thread 0x0000000004d05000 Exception <a 'sun/nio/fs/WindowsException'> (0x00000000fecc3450) thrown at [D:\src\AOSP-openjdk-cygwin\jdk8u\hotspot\src\share\vm\prims\jni.cpp, line 709]
Event: 9.146 Thread 0x0000000004d05000 Exception <a 'sun/nio/fs/WindowsException'> (0x00000000fecc3960) thrown at [D:\src\AOSP-openjdk-cygwin\jdk8u\hotspot\src\share\vm\prims\jni.cpp, line 709]

Events (10 events):
Event: 9.325 Thread 0x0000000004d05000 DEOPT PACKING pc=0x0000000005349859 sp=0x0000000004cfe7a0
Event: 9.326 Thread 0x0000000004d05000 DEOPT UNPACKING pc=0x0000000004e475d0 sp=0x0000000004cfe768 mode 0
Event: 9.350 Thread 0x0000000004d05000 DEOPT PACKING pc=0x0000000005349859 sp=0x0000000004cfe630
Event: 9.350 Thread 0x0000000004d05000 DEOPT UNPACKING pc=0x0000000004e475d0 sp=0x0000000004cfe5f8 mode 0
Event: 9.353 Thread 0x0000000004d05000 DEOPT PACKING pc=0x0000000005349859 sp=0x0000000004cfe630
Event: 9.353 Thread 0x0000000004d05000 DEOPT UNPACKING pc=0x0000000004e475d0 sp=0x0000000004cfe5f8 mode 0
Event: 9.372 Thread 0x0000000004d05000 DEOPT PACKING pc=0x0000000005349859 sp=0x0000000004cfe7a0
Event: 9.372 Thread 0x0000000004d05000 DEOPT UNPACKING pc=0x0000000004e475d0 sp=0x0000000004cfe768 mode 0
Event: 9.373 Executing VM operation: ParallelGCFailedAllocation
Event: 9.436 Executing VM operation: ParallelGCFailedAllocation done


Dynamic libraries:
0x00007ff66ebe0000 - 0x00007ff66ec11000 	C:\Program Files\Android\Android Studio\jre\bin\java.exe
0x00007ffc57ab0000 - 0x00007ffc57c90000 	C:\WINDOWS\SYSTEM32\ntdll.dll
0x00007ffc57720000 - 0x00007ffc577ce000 	C:\WINDOWS\System32\KERNEL32.DLL
0x00007ffc54120000 - 0x00007ffc54386000 	C:\WINDOWS\System32\KERNELBASE.dll
0x00007ffc56ce0000 - 0x00007ffc56d81000 	C:\WINDOWS\System32\ADVAPI32.dll
0x00007ffc577d0000 - 0x00007ffc5786d000 	C:\WINDOWS\System32\msvcrt.dll
0x00007ffc55510000 - 0x00007ffc5556b000 	C:\WINDOWS\System32\sechost.dll
0x00007ffc57010000 - 0x00007ffc5712f000 	C:\WINDOWS\System32\RPCRT4.dll
0x00007ffc54fe0000 - 0x00007ffc5516f000 	C:\WINDOWS\System32\USER32.dll
0x00007ffc54f60000 - 0x00007ffc54f80000 	C:\WINDOWS\System32\win32u.dll
0x00007ffc54fb0000 - 0x00007ffc54fd8000 	C:\WINDOWS\System32\GDI32.dll
0x00007ffc54ae0000 - 0x00007ffc54c73000 	C:\WINDOWS\System32\gdi32full.dll
0x00007ffc53fb0000 - 0x00007ffc5404b000 	C:\WINDOWS\System32\msvcp_win.dll
0x00007ffc53eb0000 - 0x00007ffc53fa6000 	C:\WINDOWS\System32\ucrtbase.dll
0x00007ffc42ec0000 - 0x00007ffc43129000 	C:\WINDOWS\WinSxS\amd64_microsoft.windows.common-controls_6595b64144ccf1df_6.0.16299.431_none_15c7d3ee93659e73\COMCTL32.dll
0x00007ffc55200000 - 0x00007ffc55508000 	C:\WINDOWS\System32\combase.dll
0x00007ffc54050000 - 0x00007ffc540c2000 	C:\WINDOWS\System32\bcryptPrimitives.dll
0x00007ffc54f80000 - 0x00007ffc54fad000 	C:\WINDOWS\System32\IMM32.DLL
0x00000000663f0000 - 0x00000000664c2000 	C:\Program Files\Android\Android Studio\jre\jre\bin\msvcr100.dll
0x00000000665b0000 - 0x0000000066def000 	C:\Program Files\Android\Android Studio\jre\jre\bin\server\jvm.dll
0x00007ffc55620000 - 0x00007ffc55628000 	C:\WINDOWS\System32\PSAPI.DLL
0x00007ffc4c7e0000 - 0x00007ffc4c7e9000 	C:\WINDOWS\SYSTEM32\WSOCK32.dll
0x00007ffc56fa0000 - 0x00007ffc5700c000 	C:\WINDOWS\System32\WS2_32.dll
0x00007ffc46120000 - 0x00007ffc4612a000 	C:\WINDOWS\SYSTEM32\VERSION.dll
0x00007ffc521c0000 - 0x00007ffc521e3000 	C:\WINDOWS\SYSTEM32\WINMM.dll
0x00007ffc52160000 - 0x00007ffc5218a000 	C:\WINDOWS\SYSTEM32\WINMMBASE.dll
0x00007ffc540d0000 - 0x00007ffc5411a000 	C:\WINDOWS\System32\cfgmgr32.dll
0x00007ffc52310000 - 0x00007ffc5231f000 	C:\Program Files\Android\Android Studio\jre\jre\bin\verify.dll
0x00007ffc4a2f0000 - 0x00007ffc4a319000 	C:\Program Files\Android\Android Studio\jre\jre\bin\java.dll
0x00007ffc50ad0000 - 0x00007ffc50ae6000 	C:\Program Files\Android\Android Studio\jre\jre\bin\zip.dll
0x00007ffc55630000 - 0x00007ffc56a68000 	C:\WINDOWS\System32\SHELL32.dll
0x00007ffc55570000 - 0x00007ffc55616000 	C:\WINDOWS\System32\shcore.dll
0x00007ffc54390000 - 0x00007ffc54ad7000 	C:\WINDOWS\System32\windows.storage.dll
0x00007ffc57a20000 - 0x00007ffc57a71000 	C:\WINDOWS\System32\shlwapi.dll
0x00007ffc53e90000 - 0x00007ffc53ea1000 	C:\WINDOWS\System32\kernel.appcore.dll
0x00007ffc53e20000 - 0x00007ffc53e6c000 	C:\WINDOWS\System32\powrprof.dll
0x00007ffc53e00000 - 0x00007ffc53e1b000 	C:\WINDOWS\System32\profapi.dll
0x00007ffc53800000 - 0x00007ffc53817000 	C:\WINDOWS\SYSTEM32\CRYPTSP.dll
0x00007ffc53230000 - 0x00007ffc53263000 	C:\WINDOWS\system32\rsaenh.dll
0x00007ffc53900000 - 0x00007ffc53925000 	C:\WINDOWS\SYSTEM32\bcrypt.dll
0x00007ffc53d30000 - 0x00007ffc53d59000 	C:\WINDOWS\SYSTEM32\USERENV.dll
0x00007ffc537f0000 - 0x00007ffc537fb000 	C:\WINDOWS\SYSTEM32\CRYPTBASE.dll
0x00007ffc4ffb0000 - 0x00007ffc4ffca000 	C:\Program Files\Android\Android Studio\jre\jre\bin\net.dll
0x00007ffc53630000 - 0x00007ffc53696000 	C:\WINDOWS\system32\mswsock.dll
0x00007ffc533c0000 - 0x00007ffc533f9000 	C:\WINDOWS\SYSTEM32\IPHLPAPI.DLL
0x00007ffc55170000 - 0x00007ffc55178000 	C:\WINDOWS\System32\NSI.dll
0x00007ffc4cff0000 - 0x00007ffc4d006000 	C:\WINDOWS\SYSTEM32\dhcpcsvc6.DLL
0x00007ffc4d6a0000 - 0x00007ffc4d6ba000 	C:\WINDOWS\SYSTEM32\dhcpcsvc.DLL
0x00007ffc4a2d0000 - 0x00007ffc4a2e1000 	C:\Program Files\Android\Android Studio\jre\jre\bin\nio.dll

VM Arguments:
jvm_args: -Djava.awt.headless=true -Xmx64M -Dfile.encoding=windows-1251 -Duser.country=RU -Duser.language=ru -Duser.variant 
java_command: com.google.devtools.build.android.desugar.Desugar --input D:\AndroidStudio\H&H lessons\lesson7\app\build\intermediates\transforms\stackFramesFixer\debug\5.jar --output D:\AndroidStudio\H&H lessons\lesson7\app\build\intermediates\transforms\desugar\debug\6.jar --input D:\AndroidStudio\H&H lessons\lesson7\app\build\intermediates\transforms\stackFramesFixer\debug\33.jar --output D:\AndroidStudio\H&H lessons\lesson7\app\build\intermediates\transforms\desugar\debug\34.jar --input D:\AndroidStudio\H&H lessons\lesson7\app\build\intermediates\transforms\stackFramesFixer\debug\6.jar --output D:\AndroidStudio\H&H lessons\lesson7\app\build\intermediates\transforms\desugar\debug\7.jar --input D:\AndroidStudio\H&H lessons\lesson7\app\build\intermediates\transforms\stackFramesFixer\debug\3.jar --output D:\AndroidStudio\H&H lessons\lesson7\app\build\intermediates\transforms\desugar\debug\4.jar --input D:\AndroidStudio\H&H lessons\lesson7\app\build\intermediates\transforms\stackFramesFixer\debug\21.jar --output D:\AndroidStudio\H&H lessons\lesson7\app\build\intermediates\transforms\desugar\debug\22.jar --input D:\AndroidStudio\H&H lessons\lesson7\app\build\intermediates\transforms\stackFramesFixer\debug\30.jar --output D:\AndroidStudio\H&H lessons\lesson7\app\build\intermediates\transforms\desugar\debug\31.jar --input D:\AndroidStudio\H&H lessons\lesson7\app\build\intermediates\transforms\stackFramesFixer\debug\8.jar --output D:\AndroidStudio\H&H lessons\lesson7\app\build\intermediates\transforms\desugar\debug\9.jar --input D:\AndroidStudio\H&H lessons\lesson7\app\build\intermediates\transforms\stackFramesFixer\debug\11.jar --output D:\AndroidStudio\H&H lessons\lesson7\app\build\intermediates\transforms\desugar\debug\12.jar --input D:\AndroidStudio\H&H lessons\lesson7\app\build\intermediates\transforms\stackFramesFixer\debug\7.jar --output D:\AndroidStudio\H&H lessons\lesson7\app\build\intermediates\transforms\desugar\debug\8.jar --input D:\AndroidStudio\H&H lessons
java_class_path (initial): C:\Users\metuc\AppData\Local\Temp\desugar_deploy.jar3243822354496726275
Launcher Type: SUN_STANDARD

Environment Variables:
PATH=C:\ProgramData\Oracle\Java\javapath;C:\Program Files (x86)\Common Files\Oracle\Java\javapath;C:\Program Files\Java\jre1.8.0_161\bin;C:\Program Files\Microsoft HPC Pack 2008 SDK\Bin\;C:\Windows\system32;C:\Windows;C:\Windows\System32\Wbem;C:\Windows\System32\WindowsPowerShell\v1.0\;C:\Program Files (x86)\NVIDIA Corporation\PhysX\Common;C:\WINDOWS\system32;C:\WINDOWS;C:\WINDOWS\System32\Wbem;C:\WINDOWS\System32\WindowsPowerShell\v1.0\;C:\Program Files (x86)\Microsoft SQL Server\100\Tools\Binn\;C:\Program Files\Microsoft SQL Server\100\Tools\Binn\;C:\Program Files\Microsoft SQL Server\100\DTS\Binn\;D:\программы\скайп\Phone\;C:\Program Files\Common Files\Autodesk Shared\;C:\Program Files (x86)\Autodesk\Backburner\;D:\программы\Git\cmd;C:\Users\metuc\AppData\Local\Microsoft\WindowsApps;
USERNAME=Александр
OS=Windows_NT
PROCESSOR_IDENTIFIER=Intel64 Family 6 Model 58 Stepping 9, GenuineIntel



---------------  S Y S T E M  ---------------

OS: Windows 10.0 , 64 bit Build 16299 (10.0.16299.431)

CPU:total 4 (initial active 4) (2 cores per cpu, 2 threads per core) family 6 model 58 stepping 9, cmov, cx8, fxsr, mmx, sse, sse2, sse3, ssse3, sse4.1, sse4.2, popcnt, avx, aes, clmul, erms, ht, tsc, tscinvbit, tscinv

Memory: 4k page, physical 8283516k(1118328k free), swap 12966700k(2888k free)

vm_info: OpenJDK 64-Bit Server VM (25.152-b02) for windows-amd64 JRE (1.8.0_152-release-1024-b02), built by "builder" with MS VC++ 10.0 (VS2010)

time: Mon Jul 16 13:05:01 2018
elapsed time: 9 seconds (0d 0h 0m 9s)

