#
# There is insufficient memory for the Java Runtime Environment to continue.
# Native memory allocation (malloc) failed to allocate 32744 bytes for ChunkPool::allocate
# Possible reasons:
#   The system is out of physical RAM or swap space
#   In 32 bit mode, the process size limit was hit
# Possible solutions:
#   Reduce memory load on the system
#   Increase physical memory or swap space
#   Check if swap backing store is full
#   Use 64 bit Java on a 64 bit OS
#   Decrease Java heap size (-Xmx/-Xms)
#   Decrease number of Java threads
#   Decrease Java thread stack sizes (-Xss)
#   Set larger code cache with -XX:ReservedCodeCacheSize=
# This output file may be truncated or incomplete.
#
#  Out of Memory Error (allocation.cpp:273), pid=10552, tid=0x000000000000203c
#
# JRE version: OpenJDK Runtime Environment (8.0_152-b02) (build 1.8.0_152-release-1024-b02)
# Java VM: OpenJDK 64-Bit Server VM (25.152-b02 mixed mode windows-amd64 compressed oops)
# Failed to write core dump. Minidumps are not enabled by default on client versions of Windows
#

---------------  T H R E A D  ---------------

Current thread (0x0000000016f58800):  JavaThread "C1 CompilerThread2" daemon [_thread_in_native, id=8252, stack(0x0000000017350000,0x0000000017450000)]

Stack: [0x0000000017350000,0x0000000017450000]
[error occurred during error reporting (printing stack bounds), id 0xc0000005]

Native frames: (J=compiled Java code, j=interpreted, Vv=VM code, C=native code)


Current CompileTask:
C1:   5269  987       3       org.objectweb.asm.ClassWriter::toByteArray (1456 bytes)


---------------  P R O C E S S  ---------------

Java Threads: ( => current thread )
  0x0000000016f5a000 JavaThread "Service Thread" daemon [_thread_blocked, id=11096, stack(0x0000000017450000,0x0000000017550000)]
=>0x0000000016f58800 JavaThread "C1 CompilerThread2" daemon [_thread_in_native, id=8252, stack(0x0000000017350000,0x0000000017450000)]
  0x00000000156e2000 JavaThread "C2 CompilerThread1" daemon [_thread_in_native, id=11520, stack(0x0000000016e50000,0x0000000016f50000)]
  0x00000000156de800 JavaThread "C2 CompilerThread0" daemon [_thread_in_native, id=12976, stack(0x0000000016d50000,0x0000000016e50000)]
  0x00000000156dc000 JavaThread "Attach Listener" daemon [_thread_blocked, id=11100, stack(0x0000000016c50000,0x0000000016d50000)]
  0x00000000156ea000 JavaThread "Signal Dispatcher" daemon [_thread_blocked, id=11668, stack(0x0000000016b50000,0x0000000016c50000)]
  0x00000000156cb000 JavaThread "Finalizer" daemon [_thread_blocked, id=6876, stack(0x0000000016950000,0x0000000016a50000)]
  0x0000000005375000 JavaThread "Reference Handler" daemon [_thread_blocked, id=12376, stack(0x0000000016850000,0x0000000016950000)]
  0x0000000005285000 JavaThread "main" [_thread_in_Java, id=6520, stack(0x0000000005180000,0x0000000005280000)]

Other Threads:
  0x00000000156a7000 VMThread [stack: 0x0000000016750000,0x0000000016850000] [id=12396]
  0x0000000016f64800 WatcherThread [stack: 0x0000000017550000,0x0000000017650000] [id=12612]

VM state:not at safepoint (normal execution)

VM Mutex/Monitor currently owned by a thread: None

Heap:
 PSYoungGen      total 18944K, used 7875K [0x00000000feb00000, 0x0000000100000000, 0x0000000100000000)
  eden space 16384K, 32% used [0x00000000feb00000,0x00000000ff032488,0x00000000ffb00000)
  from space 2560K, 99% used [0x00000000ffd80000,0x00000000ffffe830,0x0000000100000000)
  to   space 2560K, 0% used [0x00000000ffb00000,0x00000000ffb00000,0x00000000ffd80000)
 ParOldGen       total 44032K, used 5466K [0x00000000fc000000, 0x00000000feb00000, 0x00000000feb00000)
  object space 44032K, 12% used [0x00000000fc000000,0x00000000fc556ad8,0x00000000feb00000)
 Metaspace       used 7891K, capacity 8164K, committed 8192K, reserved 1056768K
  class space    used 902K, capacity 1002K, committed 1024K, reserved 1048576K

Card table byte_map: [0x00000000050b0000,0x00000000050e0000] byte_map_base: 0x00000000048d0000

Marking Bits: (ParMarkBitMap*) 0x0000000066d74970
 Begin Bits: [0x0000000014b40000, 0x0000000014c40000)
 End Bits:   [0x0000000014c40000, 0x0000000014d40000)

Polling page: 0x00000000038f0000

CodeCache: size=245760Kb used=3692Kb max_used=3703Kb free=242067Kb
 bounds [0x0000000005380000, 0x0000000005730000, 0x0000000014380000]
 total_blobs=1315 nmethods=983 adapters=246
 compilation: enabled

Compilation events (10 events):
Event: 5.252 Thread 0x0000000016f58800 nmethod 980 0x000000000571c710 code [0x000000000571c8a0, 0x000000000571cc08]
Event: 5.253 Thread 0x0000000016f58800  981       3       org.objectweb.asm.MethodWriter::visitLdcInsn (184 bytes)
Event: 5.253 Thread 0x0000000016f58800 nmethod 981 0x000000000571bc50 code [0x000000000571be20, 0x000000000571c488]
Event: 5.255 Thread 0x0000000016f58800  983       1       com.google.devtools.build.android.desugar.CloseResourceMethodScanner$StackMapFrameCollector::visitJumpInsn (6 bytes)
Event: 5.255 Thread 0x0000000016f58800 nmethod 983 0x000000000571b990 code [0x000000000571bae0, 0x000000000571bbf0]
Event: 5.259 Thread 0x00000000156de800 nmethod 982 0x000000000571af10 code [0x000000000571b080, 0x000000000571b538]
Event: 5.259 Thread 0x00000000156de800  984       4       org.objectweb.asm.MethodVisitor::visitFrame (22 bytes)
Event: 5.260 Thread 0x00000000156de800 nmethod 984 0x000000000571d8d0 code [0x000000000571da20, 0x000000000571dad8]
Event: 5.262 Thread 0x00000000156de800  985       4       org.objectweb.asm.MethodWriter::visitLabel (321 bytes)
Event: 5.263 Thread 0x0000000016f58800  987       3       org.objectweb.asm.ClassWriter::toByteArray (1456 bytes)

GC Heap History (4 events):
Event: 1.693 GC heap before
{Heap before GC invocations=1 (full 0):
 PSYoungGen      total 18944K, used 16384K [0x00000000feb00000, 0x0000000100000000, 0x0000000100000000)
  eden space 16384K, 100% used [0x00000000feb00000,0x00000000ffb00000,0x00000000ffb00000)
  from space 2560K, 0% used [0x00000000ffd80000,0x00000000ffd80000,0x0000000100000000)
  to   space 2560K, 0% used [0x00000000ffb00000,0x00000000ffb00000,0x00000000ffd80000)
 ParOldGen       total 44032K, used 0K [0x00000000fc000000, 0x00000000feb00000, 0x00000000feb00000)
  object space 44032K, 0% used [0x00000000fc000000,0x00000000fc000000,0x00000000feb00000)
 Metaspace       used 6684K, capacity 6874K, committed 7040K, reserved 1056768K
  class space    used 791K, capacity 871K, committed 896K, reserved 1048576K
Event: 1.698 GC heap after
Heap after GC invocations=1 (full 0):
 PSYoungGen      total 18944K, used 2528K [0x00000000feb00000, 0x0000000100000000, 0x0000000100000000)
  eden space 16384K, 0% used [0x00000000feb00000,0x00000000feb00000,0x00000000ffb00000)
  from space 2560K, 98% used [0x00000000ffb00000,0x00000000ffd78030,0x00000000ffd80000)
  to   space 2560K, 0% used [0x00000000ffd80000,0x00000000ffd80000,0x0000000100000000)
 ParOldGen       total 44032K, used 1498K [0x00000000fc000000, 0x00000000feb00000, 0x00000000feb00000)
  object space 44032K, 3% used [0x00000000fc000000,0x00000000fc176a28,0x00000000feb00000)
 Metaspace       used 6684K, capacity 6874K, committed 7040K, reserved 1056768K
  class space    used 791K, capacity 871K, committed 896K, reserved 1048576K
}
Event: 4.852 GC heap before
{Heap before GC invocations=2 (full 0):
 PSYoungGen      total 18944K, used 18912K [0x00000000feb00000, 0x0000000100000000, 0x0000000100000000)
  eden space 16384K, 100% used [0x00000000feb00000,0x00000000ffb00000,0x00000000ffb00000)
  from space 2560K, 98% used [0x00000000ffb00000,0x00000000ffd78030,0x00000000ffd80000)
  to   space 2560K, 0% used [0x00000000ffd80000,0x00000000ffd80000,0x0000000100000000)
 ParOldGen       total 44032K, used 1498K [0x00000000fc000000, 0x00000000feb00000, 0x00000000feb00000)
  object space 44032K, 3% used [0x00000000fc000000,0x00000000fc176a28,0x00000000feb00000)
 Metaspace       used 7852K, capacity 8100K, committed 8192K, reserved 1056768K
  class space    used 901K, capacity 1002K, committed 1024K, reserved 1048576K
Event: 4.946 GC heap after
Heap after GC invocations=2 (full 0):
 PSYoungGen      total 18944K, used 2554K [0x00000000feb00000, 0x0000000100000000, 0x0000000100000000)
  eden space 16384K, 0% used [0x00000000feb00000,0x00000000feb00000,0x00000000ffb00000)
  from space 2560K, 99% used [0x00000000ffd80000,0x00000000ffffe830,0x0000000100000000)
  to   space 2560K, 0% used [0x00000000ffb00000,0x00000000ffb00000,0x00000000ffd80000)
 ParOldGen       total 44032K, used 5466K [0x00000000fc000000, 0x00000000feb00000, 0x00000000feb00000)
  object space 44032K, 12% used [0x00000000fc000000,0x00000000fc556ad8,0x00000000feb00000)
 Metaspace       used 7852K, capacity 8100K, committed 8192K, reserved 1056768K
  class space    used 901K, capacity 1002K, committed 1024K, reserved 1048576K
}

Deoptimization events (10 events):
Event: 2.256 Thread 0x0000000005285000 Uncommon trap: reason=class_check action=maybe_recompile pc=0x00000000055a62d0 method=com.google.common.collect.Iterators$7.transform(Ljava/lang/Object;)Ljava/lang/Object; @ 5
Event: 2.256 Thread 0x0000000005285000 Uncommon trap: reason=class_check action=maybe_recompile pc=0x00000000055aaa2c method=com.google.common.collect.TransformedIterator.hasNext()Z @ 4
Event: 2.256 Thread 0x0000000005285000 Uncommon trap: reason=class_check action=maybe_recompile pc=0x00000000055a8518 method=com.google.common.collect.TransformedIterator.next()Ljava/lang/Object; @ 5
Event: 2.256 Thread 0x0000000005285000 Uncommon trap: reason=class_check action=maybe_recompile pc=0x00000000055a62d0 method=com.google.common.collect.Iterators$7.transform(Ljava/lang/Object;)Ljava/lang/Object; @ 5
Event: 2.256 Thread 0x0000000005285000 Uncommon trap: reason=class_check action=maybe_recompile pc=0x00000000055a8518 method=com.google.common.collect.TransformedIterator.next()Ljava/lang/Object; @ 5
Event: 2.256 Thread 0x0000000005285000 Uncommon trap: reason=class_check action=maybe_recompile pc=0x00000000055a62d0 method=com.google.common.collect.Iterators$7.transform(Ljava/lang/Object;)Ljava/lang/Object; @ 5
Event: 4.388 Thread 0x0000000005285000 Uncommon trap: reason=unstable_if action=reinterpret pc=0x000000000568ea1c method=org.objectweb.asm.ClassReader.readUTF8(I[C)Ljava/lang/String; @ 7
Event: 4.685 Thread 0x0000000005285000 Uncommon trap: reason=unstable_if action=reinterpret pc=0x00000000056e3804 method=org.objectweb.asm.Item.isEqualTo(Lorg/objectweb/asm/Item;)Z @ 345
Event: 5.027 Thread 0x0000000005285000 Uncommon trap: reason=unstable_if action=reinterpret pc=0x00000000056ace08 method=java.lang.String.<init>([CII)V @ 18
Event: 5.235 Thread 0x0000000005285000 Uncommon trap: reason=unstable_if action=reinterpret pc=0x00000000056fbb0c method=org.objectweb.asm.Type.getArgumentsAndReturnSizes(Ljava/lang/String;)I @ 130

Classes redefined (0 events):
No events

Internal exceptions (10 events):
Event: 1.758 Thread 0x0000000005285000 Implicit null exception at 0x00000000055a24f8 to 0x00000000055a2961
Event: 1.880 Thread 0x0000000005285000 Exception <a 'sun/nio/fs/WindowsException'> (0x00000000ff18ae40) thrown at [D:\src\AOSP-openjdk-cygwin\jdk8u\hotspot\src\share\vm\prims\jni.cpp, line 709]
Event: 1.880 Thread 0x0000000005285000 Exception <a 'sun/nio/fs/WindowsException'> (0x00000000ff18b410) thrown at [D:\src\AOSP-openjdk-cygwin\jdk8u\hotspot\src\share\vm\prims\jni.cpp, line 709]
Event: 1.881 Thread 0x0000000005285000 Exception <a 'sun/nio/fs/WindowsException'> (0x00000000ff18b9e8) thrown at [D:\src\AOSP-openjdk-cygwin\jdk8u\hotspot\src\share\vm\prims\jni.cpp, line 709]
Event: 1.881 Thread 0x0000000005285000 Exception <a 'sun/nio/fs/WindowsException'> (0x00000000ff18c1b8) thrown at [D:\src\AOSP-openjdk-cygwin\jdk8u\hotspot\src\share\vm\prims\jni.cpp, line 709]
Event: 1.891 Thread 0x0000000005285000 Exception <a 'sun/nio/fs/WindowsException'> (0x00000000ff191150) thrown at [D:\src\AOSP-openjdk-cygwin\jdk8u\hotspot\src\share\vm\prims\jni.cpp, line 709]
Event: 2.113 Thread 0x0000000005285000 Exception <a 'sun/nio/fs/WindowsException'> (0x00000000ff5574f8) thrown at [D:\src\AOSP-openjdk-cygwin\jdk8u\hotspot\src\share\vm\prims\jni.cpp, line 709]
Event: 2.113 Thread 0x0000000005285000 Exception <a 'sun/nio/fs/WindowsException'> (0x00000000ff557a88) thrown at [D:\src\AOSP-openjdk-cygwin\jdk8u\hotspot\src\share\vm\prims\jni.cpp, line 709]
Event: 4.293 Thread 0x0000000005285000 Exception <a 'sun/nio/fs/WindowsException'> (0x00000000ff7d5b90) thrown at [D:\src\AOSP-openjdk-cygwin\jdk8u\hotspot\src\share\vm\prims\jni.cpp, line 709]
Event: 4.303 Thread 0x0000000005285000 Exception <a 'sun/nio/fs/WindowsException'> (0x00000000ff7d60a0) thrown at [D:\src\AOSP-openjdk-cygwin\jdk8u\hotspot\src\share\vm\prims\jni.cpp, line 709]

Events (10 events):
Event: 4.947 loading class org/objectweb/asm/tree/LocalVariableNode
Event: 4.947 loading class org/objectweb/asm/tree/LocalVariableNode done
Event: 4.965 Thread 0x0000000005285000 DEOPT PACKING pc=0x00000000054d1d87 sp=0x000000000527ede0
Event: 4.965 Thread 0x0000000005285000 DEOPT UNPACKING pc=0x00000000053c75d0 sp=0x000000000527eb10 mode 0
Event: 5.027 Thread 0x0000000005285000 Uncommon trap: trap_request=0xffffff65 fr.pc=0x00000000056ace08
Event: 5.027 Thread 0x0000000005285000 DEOPT PACKING pc=0x00000000056ace08 sp=0x000000000527e660
Event: 5.027 Thread 0x0000000005285000 DEOPT UNPACKING pc=0x00000000053c557b sp=0x000000000527e508 mode 2
Event: 5.235 Thread 0x0000000005285000 Uncommon trap: trap_request=0xffffff65 fr.pc=0x00000000056fbb0c
Event: 5.235 Thread 0x0000000005285000 DEOPT PACKING pc=0x00000000056fbb0c sp=0x000000000527e590
Event: 5.235 Thread 0x0000000005285000 DEOPT UNPACKING pc=0x00000000053c557b sp=0x000000000527e520 mode 2


Dynamic libraries:
0x00007ff66ebe0000 - 0x00007ff66ec11000 	C:\Program Files\Android\Android Studio\jre\bin\java.exe
0x00007ffc57ab0000 - 0x00007ffc57c90000 	C:\WINDOWS\SYSTEM32\ntdll.dll
0x00007ffc57720000 - 0x00007ffc577ce000 	C:\WINDOWS\System32\KERNEL32.DLL
0x00007ffc54120000 - 0x00007ffc54386000 	C:\WINDOWS\System32\KERNELBASE.dll
0x00007ffc56ce0000 - 0x00007ffc56d81000 	C:\WINDOWS\System32\ADVAPI32.dll
0x00007ffc577d0000 - 0x00007ffc5786d000 	C:\WINDOWS\System32\msvcrt.dll
0x00007ffc55510000 - 0x00007ffc5556b000 	C:\WINDOWS\System32\sechost.dll
0x00007ffc57010000 - 0x00007ffc5712f000 	C:\WINDOWS\System32\RPCRT4.dll
0x00007ffc54fe0000 - 0x00007ffc5516f000 	C:\WINDOWS\System32\USER32.dll
0x00007ffc54f60000 - 0x00007ffc54f80000 	C:\WINDOWS\System32\win32u.dll
0x00007ffc54fb0000 - 0x00007ffc54fd8000 	C:\WINDOWS\System32\GDI32.dll
0x00007ffc54ae0000 - 0x00007ffc54c73000 	C:\WINDOWS\System32\gdi32full.dll
0x00007ffc53fb0000 - 0x00007ffc5404b000 	C:\WINDOWS\System32\msvcp_win.dll
0x00007ffc53eb0000 - 0x00007ffc53fa6000 	C:\WINDOWS\System32\ucrtbase.dll
0x00007ffc42ec0000 - 0x00007ffc43129000 	C:\WINDOWS\WinSxS\amd64_microsoft.windows.common-controls_6595b64144ccf1df_6.0.16299.431_none_15c7d3ee93659e73\COMCTL32.dll
0x00007ffc55200000 - 0x00007ffc55508000 	C:\WINDOWS\System32\combase.dll
0x00007ffc54050000 - 0x00007ffc540c2000 	C:\WINDOWS\System32\bcryptPrimitives.dll
0x00007ffc54f80000 - 0x00007ffc54fad000 	C:\WINDOWS\System32\IMM32.DLL
0x00000000663f0000 - 0x00000000664c2000 	C:\Program Files\Android\Android Studio\jre\jre\bin\msvcr100.dll
0x00000000665b0000 - 0x0000000066def000 	C:\Program Files\Android\Android Studio\jre\jre\bin\server\jvm.dll
0x00007ffc55620000 - 0x00007ffc55628000 	C:\WINDOWS\System32\PSAPI.DLL
0x00007ffc4c7e0000 - 0x00007ffc4c7e9000 	C:\WINDOWS\SYSTEM32\WSOCK32.dll
0x00007ffc56fa0000 - 0x00007ffc5700c000 	C:\WINDOWS\System32\WS2_32.dll
0x00007ffc46120000 - 0x00007ffc4612a000 	C:\WINDOWS\SYSTEM32\VERSION.dll
0x00007ffc521c0000 - 0x00007ffc521e3000 	C:\WINDOWS\SYSTEM32\WINMM.dll
0x00007ffc52160000 - 0x00007ffc5218a000 	C:\WINDOWS\SYSTEM32\WINMMBASE.dll
0x00007ffc540d0000 - 0x00007ffc5411a000 	C:\WINDOWS\System32\cfgmgr32.dll
0x00007ffc52310000 - 0x00007ffc5231f000 	C:\Program Files\Android\Android Studio\jre\jre\bin\verify.dll
0x00007ffc4a2f0000 - 0x00007ffc4a319000 	C:\Program Files\Android\Android Studio\jre\jre\bin\java.dll
0x00007ffc50ad0000 - 0x00007ffc50ae6000 	C:\Program Files\Android\Android Studio\jre\jre\bin\zip.dll
0x00007ffc55630000 - 0x00007ffc56a68000 	C:\WINDOWS\System32\SHELL32.dll
0x00007ffc55570000 - 0x00007ffc55616000 	C:\WINDOWS\System32\shcore.dll
0x00007ffc54390000 - 0x00007ffc54ad7000 	C:\WINDOWS\System32\windows.storage.dll
0x00007ffc57a20000 - 0x00007ffc57a71000 	C:\WINDOWS\System32\shlwapi.dll
0x00007ffc53e90000 - 0x00007ffc53ea1000 	C:\WINDOWS\System32\kernel.appcore.dll
0x00007ffc53e20000 - 0x00007ffc53e6c000 	C:\WINDOWS\System32\powrprof.dll
0x00007ffc53e00000 - 0x00007ffc53e1b000 	C:\WINDOWS\System32\profapi.dll
0x00007ffc53800000 - 0x00007ffc53817000 	C:\WINDOWS\SYSTEM32\CRYPTSP.dll
0x00007ffc53230000 - 0x00007ffc53263000 	C:\WINDOWS\system32\rsaenh.dll
0x00007ffc53900000 - 0x00007ffc53925000 	C:\WINDOWS\SYSTEM32\bcrypt.dll
0x00007ffc53d30000 - 0x00007ffc53d59000 	C:\WINDOWS\SYSTEM32\USERENV.dll
0x00007ffc537f0000 - 0x00007ffc537fb000 	C:\WINDOWS\SYSTEM32\CRYPTBASE.dll
0x00007ffc4ffb0000 - 0x00007ffc4ffca000 	C:\Program Files\Android\Android Studio\jre\jre\bin\net.dll
0x00007ffc53630000 - 0x00007ffc53696000 	C:\WINDOWS\system32\mswsock.dll
0x00007ffc533c0000 - 0x00007ffc533f9000 	C:\WINDOWS\SYSTEM32\IPHLPAPI.DLL
0x00007ffc55170000 - 0x00007ffc55178000 	C:\WINDOWS\System32\NSI.dll
0x00007ffc4cff0000 - 0x00007ffc4d006000 	C:\WINDOWS\SYSTEM32\dhcpcsvc6.DLL
0x00007ffc4d6a0000 - 0x00007ffc4d6ba000 	C:\WINDOWS\SYSTEM32\dhcpcsvc.DLL
0x00007ffc4a2d0000 - 0x00007ffc4a2e1000 	C:\Program Files\Android\Android Studio\jre\jre\bin\nio.dll

VM Arguments:
jvm_args: -Djava.awt.headless=true -Xmx64M -Dfile.encoding=windows-1251 -Duser.country=RU -Duser.language=ru -Duser.variant 
java_command: com.google.devtools.build.android.desugar.Desugar --input D:\AndroidStudio\H&H lessons\lesson7\app\build\intermediates\transforms\stackFramesFixer\debug\33.jar --output D:\AndroidStudio\H&H lessons\lesson7\app\build\intermediates\transforms\desugar\debug\34.jar --input D:\AndroidStudio\H&H lessons\lesson7\app\build\intermediates\transforms\stackFramesFixer\debug\1.jar --output D:\AndroidStudio\H&H lessons\lesson7\app\build\intermediates\transforms\desugar\debug\2.jar --input D:\AndroidStudio\H&H lessons\lesson7\app\build\intermediates\transforms\stackFramesFixer\debug\20.jar --output D:\AndroidStudio\H&H lessons\lesson7\app\build\intermediates\transforms\desugar\debug\21.jar --input D:\AndroidStudio\H&H lessons\lesson7\app\build\intermediates\transforms\stackFramesFixer\debug\22.jar --output D:\AndroidStudio\H&H lessons\lesson7\app\build\intermediates\transforms\desugar\debug\23.jar --input D:\AndroidStudio\H&H lessons\lesson7\app\build\intermediates\transforms\stackFramesFixer\debug\30.jar --output D:\AndroidStudio\H&H lessons\lesson7\app\build\intermediates\transforms\desugar\debug\31.jar --input D:\AndroidStudio\H&H lessons\lesson7\app\build\intermediates\transforms\stackFramesFixer\debug\8.jar --output D:\AndroidStudio\H&H lessons\lesson7\app\build\intermediates\transforms\desugar\debug\9.jar --input D:\AndroidStudio\H&H lessons\lesson7\app\build\intermediates\transforms\stackFramesFixer\debug\7.jar --output D:\AndroidStudio\H&H lessons\lesson7\app\build\intermediates\transforms\desugar\debug\8.jar --input D:\AndroidStudio\H&H lessons\lesson7\app\build\intermediates\transforms\stackFramesFixer\debug\31.jar --output D:\AndroidStudio\H&H lessons\lesson7\app\build\intermediates\transforms\desugar\debug\32.jar --input D:\AndroidStudio\H&H lessons\lesson7\app\build\intermediates\transforms\stackFramesFixer\debug\9.jar --output D:\AndroidStudio\H&H lessons\lesson7\app\build\intermediates\transforms\desugar\debug\10.jar --input D:\AndroidStudio\H&H less
java_class_path (initial): C:\Users\metuc\AppData\Local\Temp\desugar_deploy.jar3243822354496726275
Launcher Type: SUN_STANDARD

Environment Variables:
PATH=C:\ProgramData\Oracle\Java\javapath;C:\Program Files (x86)\Common Files\Oracle\Java\javapath;C:\Program Files\Java\jre1.8.0_161\bin;C:\Program Files\Microsoft HPC Pack 2008 SDK\Bin\;C:\Windows\system32;C:\Windows;C:\Windows\System32\Wbem;C:\Windows\System32\WindowsPowerShell\v1.0\;C:\Program Files (x86)\NVIDIA Corporation\PhysX\Common;C:\WINDOWS\system32;C:\WINDOWS;C:\WINDOWS\System32\Wbem;C:\WINDOWS\System32\WindowsPowerShell\v1.0\;C:\Program Files (x86)\Microsoft SQL Server\100\Tools\Binn\;C:\Program Files\Microsoft SQL Server\100\Tools\Binn\;C:\Program Files\Microsoft SQL Server\100\DTS\Binn\;D:\программы\скайп\Phone\;C:\Program Files\Common Files\Autodesk Shared\;C:\Program Files (x86)\Autodesk\Backburner\;D:\программы\Git\cmd;C:\Users\metuc\AppData\Local\Microsoft\WindowsApps;
USERNAME=Александр
OS=Windows_NT
PROCESSOR_IDENTIFIER=Intel64 Family 6 Model 58 Stepping 9, GenuineIntel



---------------  S Y S T E M  ---------------

OS: Windows 10.0 , 64 bit Build 16299 (10.0.16299.431)

CPU:total 4 (initial active 4) (2 cores per cpu, 2 threads per core) family 6 model 58 stepping 9, cmov, cx8, fxsr, mmx, sse, sse2, sse3, ssse3, sse4.1, sse4.2, popcnt, avx, aes, clmul, erms, ht, tsc, tscinvbit, tscinv

Memory: 4k page, physical 8283516k(1601540k free), swap 12966700k(3092k free)

vm_info: OpenJDK 64-Bit Server VM (25.152-b02) for windows-amd64 JRE (1.8.0_152-release-1024-b02), built by "builder" with MS VC++ 10.0 (VS2010)

time: Mon Jul 16 13:06:55 2018
elapsed time: 5 seconds (0d 0h 0m 5s)

